\BOOKMARK [0][]{Contents.0}{\376\377\000T\000a\000b\000l\000e\000\040\000o\000f\000\040\000c\000o\000n\000t\000e\000n\000t\000s}{}% 1
\BOOKMARK [0][]{chapter*.5}{\376\377\000P\000r\000e\000f\000a\000c\000e}{}% 2
\BOOKMARK [0][]{chapter.1}{\376\377\0001\000\040\000I\000n\000t\000r\000o\000d\000u\000c\000t\000i\000o\000n}{}% 3
\BOOKMARK [0][]{chapter.2}{\376\377\0002\000\040\000M\000o\000l\000e\000c\000u\000l\000a\000r\000\040\000R\000e\000p\000r\000e\000s\000e\000n\000t\000a\000t\000i\000o\000n\000s\000\040\000a\000n\000d\000\040\000C\000o\000m\000p\000u\000t\000a\000t\000i\000o\000n\000a\000l\000\040\000M\000e\000t\000h\000o\000d\000s\000\040\000i\000n\000\040\000D\000r\000u\000g\000\040\000D\000i\000s\000c\000o\000v\000e\000r\000y}{}% 4
\BOOKMARK [1][]{section.2.1}{\376\377\0002\000.\0001\000\040\000M\000o\000l\000e\000c\000u\000l\000a\000r\000\040\000R\000e\000p\000r\000e\000s\000e\000n\000t\000a\000t\000i\000o\000n}{chapter.2}% 5
\BOOKMARK [2][]{subsection.2.1.1}{\376\377\0002\000.\0001\000.\0001\000\040\000S\000M\000I\000L\000E\000S}{section.2.1}% 6
\BOOKMARK [2][]{subsection.2.1.2}{\376\377\0002\000.\0001\000.\0002\000\040\000M\000o\000l\000e\000c\000u\000l\000a\000r\000\040\000S\000u\000b\000s\000t\000r\000u\000c\000t\000u\000r\000e\000s}{section.2.1}% 7
\BOOKMARK [2][]{subsection.2.1.3}{\376\377\0002\000.\0001\000.\0003\000\040\000P\000h\000a\000r\000m\000a\000c\000o\000p\000h\000o\000r\000e\000s}{section.2.1}% 8
\BOOKMARK [2][]{subsection.2.1.4}{\376\377\0002\000.\0001\000.\0004\000\040\000F\000i\000n\000g\000e\000r\000p\000r\000i\000n\000t\000s}{section.2.1}% 9
\BOOKMARK [1][]{section.2.2}{\376\377\0002\000.\0002\000\040\000C\000o\000m\000p\000u\000t\000a\000t\000i\000o\000n\000a\000l\000\040\000A\000p\000p\000r\000o\000a\000c\000h\000e\000s}{chapter.2}% 10
\BOOKMARK [2][]{subsection.2.2.1}{\376\377\0002\000.\0002\000.\0001\000\040\000D\000o\000c\000k\000i\000n\000g}{section.2.2}% 11
\BOOKMARK [2][]{subsection.2.2.2}{\376\377\0002\000.\0002\000.\0002\000\040\000M\000a\000c\000h\000i\000n\000e\000\040\000L\000e\000a\000r\000n\000i\000n\000g}{section.2.2}% 12
\BOOKMARK [0][]{chapter.3}{\376\377\0003\000\040\000H\000i\000t\000\040\000D\000i\000s\000c\000o\000v\000e\000r\000y\000\040\000v\000i\000a\000\040\000U\000n\000s\000u\000p\000e\000r\000v\000i\000s\000e\000d\000\040\000L\000e\000a\000r\000n\000i\000n\000g\000\040\000o\000f\000\040\000F\000r\000a\000g\000m\000e\000n\000t\000-\000P\000r\000o\000t\000e\000i\000n\000\040\000C\000o\000m\000p\000l\000e\000x\000e\000s}{}% 13
\BOOKMARK [1][]{section.3.1}{\376\377\0003\000.\0001\000\040\000U\000n\000s\000u\000p\000e\000r\000v\000i\000s\000e\000d\000\040\000L\000e\000a\000r\000n\000i\000n\000g\000\040\000o\000f\000\040\000P\000h\000a\000r\000m\000a\000c\000o\000p\000h\000o\000r\000e\000\040\000D\000i\000s\000t\000r\000i\000b\000u\000t\000i\000o\000n\000s}{chapter.3}% 14
\BOOKMARK [2][]{subsection.3.1.1}{\376\377\0003\000.\0001\000.\0001\000\040\000M\000o\000d\000e\000l\000\040\000I\000m\000p\000l\000e\000m\000e\000n\000t\000a\000t\000i\000o\000n}{section.3.1}% 15
\BOOKMARK [1][]{section.3.2}{\376\377\0003\000.\0002\000\040\000C\000o\000m\000p\000u\000t\000a\000t\000i\000o\000n\000a\000l\000\040\000R\000e\000t\000r\000o\000s\000p\000e\000c\000t\000i\000v\000e\000\040\000S\000t\000u\000d\000y}{chapter.3}% 16
\BOOKMARK [1][]{section.3.3}{\376\377\0003\000.\0003\000\040\000P\000r\000o\000s\000p\000e\000c\000t\000i\000v\000e\000\040\000h\000i\000t\000\040\000f\000i\000n\000d\000i\000n\000g}{chapter.3}% 17
\BOOKMARK [1][]{section.3.4}{\376\377\0003\000.\0004\000\040\000D\000i\000s\000c\000u\000s\000s\000i\000o\000n}{chapter.3}% 18
\BOOKMARK [0][]{chapter.4}{\376\377\0004\000\040\000D\000i\000s\000c\000o\000v\000e\000r\000y\000\040\000o\000f\000\040\000S\000A\000R\000S\000-\000C\000o\000V\000-\0002\000\040\000m\000a\000i\000n\000\040\000p\000r\000o\000t\000e\000a\000s\000e\000\040\000i\000n\000h\000i\000b\000i\000t\000o\000r\000s\000\040\000v\000i\000a\000\040\000s\000y\000n\000t\000h\000e\000s\000i\000s\000-\000d\000i\000r\000e\000c\000t\000e\000d\000\040\000d\000e\000\040\000n\000o\000v\000o\000\040\000d\000e\000s\000i\000g\000n}{}% 19
\BOOKMARK [1][]{section.4.1}{\376\377\0004\000.\0001\000\040\000L\000e\000a\000r\000n\000i\000n\000g\000\040\000t\000o\000\040\000r\000a\000n\000k\000\040\000c\000o\000m\000p\000o\000u\000n\000d\000s}{chapter.4}% 20
\BOOKMARK [1][]{section.4.2}{\376\377\0004\000.\0002\000\040\000P\000r\000o\000s\000p\000e\000c\000t\000i\000v\000e\000\040\000c\000h\000e\000m\000i\000c\000a\000l\000\040\000s\000p\000a\000c\000e\000\040\000e\000x\000p\000l\000o\000r\000a\000t\000i\000o\000n}{chapter.4}% 21
\BOOKMARK [1][]{section.4.3}{\376\377\0004\000.\0003\000\040\000D\000i\000s\000c\000u\000s\000s\000i\000o\000n}{chapter.4}% 22
\BOOKMARK [0][]{chapter.5}{\376\377\0005\000\040\000Q\000u\000a\000n\000t\000i\000t\000a\000t\000i\000v\000e\000\040\000I\000n\000t\000e\000r\000p\000r\000e\000t\000a\000t\000i\000o\000n\000\040\000o\000f\000\040\000R\000e\000a\000c\000t\000i\000o\000n\000\040\000P\000r\000e\000d\000i\000c\000t\000i\000o\000n\000\040\000M\000o\000d\000e\000l\000s}{}% 23
\BOOKMARK [1][]{section.5.1}{\376\377\0005\000.\0001\000\040\000I\000n\000t\000r\000o\000d\000u\000c\000t\000i\000o\000n}{chapter.5}% 24
\BOOKMARK [1][]{section.5.2}{\376\377\0005\000.\0002\000\040\000M\000o\000l\000e\000c\000u\000l\000a\000r\000\040\000T\000r\000a\000n\000s\000f\000o\000r\000m\000e\000r}{chapter.5}% 25
\BOOKMARK [2][]{subsection.5.2.1}{\376\377\0005\000.\0002\000.\0001\000\040\000T\000r\000a\000i\000n\000i\000n\000g\000\040\000d\000a\000t\000a}{section.5.2}% 26
\BOOKMARK [1][]{section.5.3}{\376\377\0005\000.\0003\000\040\000Q\000u\000a\000n\000t\000i\000t\000a\000t\000i\000v\000e\000\040\000I\000n\000t\000e\000r\000p\000r\000e\000t\000a\000t\000i\000o\000n\000\040\000m\000e\000t\000h\000o\000d\000s}{chapter.5}% 27
\BOOKMARK [2][]{subsection.5.3.1}{\376\377\0005\000.\0003\000.\0001\000\040\000I\000n\000p\000u\000t\000\040\000a\000t\000t\000r\000i\000b\000u\000t\000i\000o\000n}{section.5.3}% 28
\BOOKMARK [2][]{subsection.5.3.2}{\376\377\0005\000.\0003\000.\0002\000\040\000T\000r\000a\000i\000n\000i\000n\000g\000\040\000d\000a\000t\000a\000\040\000a\000t\000t\000r\000i\000b\000u\000t\000i\000o\000n}{section.5.3}% 29
\BOOKMARK [1][]{section.5.4}{\376\377\0005\000.\0004\000\040\000I\000n\000v\000e\000s\000t\000i\000g\000a\000t\000i\000o\000n\000\040\000o\000f\000\040\000S\000p\000e\000c\000i\000f\000i\000c\000\040\000R\000e\000a\000c\000t\000i\000o\000n\000\040\000C\000l\000a\000s\000s\000e\000s}{chapter.5}% 30
\BOOKMARK [2][]{subsection.5.4.1}{\376\377\0005\000.\0004\000.\0001\000\040\000E\000p\000o\000x\000i\000d\000a\000t\000i\000o\000n}{section.5.4}% 31
\BOOKMARK [2][]{subsection.5.4.2}{\376\377\0005\000.\0004\000.\0002\000\040\000D\000i\000e\000l\000s\000-\000A\000l\000d\000e\000r}{section.5.4}% 32
\BOOKMARK [2][]{subsection.5.4.3}{\376\377\0005\000.\0004\000.\0003\000\040\000F\000r\000i\000e\000d\000e\000l\000-\000C\000r\000a\000f\000t\000s\000\040\000A\000c\000y\000l\000a\000t\000i\000o\000n}{section.5.4}% 33
\BOOKMARK [1][]{section.5.5}{\376\377\0005\000.\0005\000\040\000R\000e\000v\000e\000a\000l\000i\000n\000g\000\040\000t\000h\000e\000\040\000E\000f\000f\000e\000c\000t\000\040\000o\000f\000\040\000B\000i\000a\000s\000\040\000t\000h\000r\000o\000u\000g\000h\000\040\000A\000r\000t\000i\000f\000i\000c\000i\000a\000l\000\040\000D\000a\000t\000a\000s\000e\000t\000s}{chapter.5}% 34
\BOOKMARK [2][]{subsection.5.5.1}{\376\377\0005\000.\0005\000.\0001\000\040\000A\000r\000t\000i\000f\000i\000c\000i\000a\000l\000\040\000d\000a\000t\000a\000s\000e\000t\000\040\000c\000o\000n\000s\000t\000r\000u\000c\000t\000i\000o\000n}{section.5.5}% 35
\BOOKMARK [2][]{subsection.5.5.2}{\376\377\0005\000.\0005\000.\0002\000\040\000M\000o\000d\000e\000l\000\040\000p\000e\000r\000f\000o\000r\000m\000a\000n\000c\000e\000\040\000o\000n\000\040\000a\000r\000t\000i\000f\000i\000c\000i\000a\000l\000\040\000d\000a\000t\000a\000s\000e\000t\000s}{section.5.5}% 36
\BOOKMARK [1][]{section.5.6}{\376\377\0005\000.\0006\000\040\000U\000n\000c\000o\000v\000e\000r\000i\000n\000g\000\040\000S\000c\000a\000f\000f\000o\000l\000d\000\040\000b\000i\000a\000s}{chapter.5}% 37
\BOOKMARK [2][]{subsection.5.6.1}{\376\377\0005\000.\0006\000.\0001\000\040\000T\000a\000n\000i\000m\000o\000t\000o\000-\000S\000p\000l\000i\000t\000t\000i\000n\000g\000\040\000U\000S\000P\000T\000O}{section.5.6}% 38
\BOOKMARK [2][]{subsection.5.6.2}{\376\377\0005\000.\0006\000.\0002\000\040\000M\000o\000d\000e\000l\000\040\000p\000e\000r\000f\000o\000r\000m\000a\000n\000c\000e\000\040\000o\000n\000\040\000T\000a\000n\000i\000m\000o\000t\000o\000-\000s\000p\000l\000i\000t\000\040\000U\000S\000P\000T\000O}{section.5.6}% 39
\BOOKMARK [1][]{section.5.7}{\376\377\0005\000.\0007\000\040\000D\000i\000s\000c\000u\000s\000s\000i\000o\000n}{chapter.5}% 40
\BOOKMARK [0][]{chapter.6}{\376\377\0006\000\040\000A\000u\000g\000m\000e\000n\000t\000i\000n\000g\000\040\000N\000a\000n\000o\000m\000o\000l\000a\000r\000\040\000H\000i\000g\000h\000-\000T\000h\000r\000o\000u\000g\000h\000p\000u\000t\000\040\000S\000c\000r\000e\000e\000n\000i\000n\000g\000\040\000w\000i\000t\000h\000\040\000M\000a\000c\000h\000i\000n\000e\000\040\000L\000e\000a\000r\000n\000i\000n\000g\000\040\000f\000o\000r\000\040\000C\000o\000m\000p\000o\000u\000n\000d\000\040\000O\000p\000t\000i\000m\000i\000s\000a\000t\000i\000o\000n}{}% 41
\BOOKMARK [1][]{section.6.1}{\376\377\0006\000.\0001\000\040\000M\000o\000d\000e\000l\000l\000i\000n\000g\000\040\000h\000i\000g\000h\000-\000t\000h\000r\000o\000u\000g\000h\000p\000u\000t\000\040\000c\000r\000u\000d\000e\000\040\000s\000c\000r\000e\000e\000n\000i\000n\000g\000\040\000d\000a\000t\000a}{chapter.6}% 42
\BOOKMARK [1][]{section.6.2}{\376\377\0006\000.\0002\000\040\000P\000r\000o\000s\000p\000e\000c\000t\000i\000v\000e\000\040\000V\000i\000r\000t\000u\000a\000l\000\040\000S\000c\000r\000e\000e\000n\000i\000n\000g}{chapter.6}% 43
\BOOKMARK [1][]{section.6.3}{\376\377\0006\000.\0003\000\040\000D\000i\000s\000c\000u\000s\000s\000i\000o\000n}{chapter.6}% 44
\BOOKMARK [0][]{chapter.7}{\376\377\0007\000\040\000O\000u\000t\000l\000o\000o\000k}{}% 45
\BOOKMARK [1][]{section.7.1}{\376\377\0007\000.\0001\000\040\000D\000i\000r\000e\000c\000t\000i\000o\000n\000s\000\040\000f\000o\000r\000\040\000F\000u\000t\000u\000r\000e\000\040\000R\000e\000s\000e\000a\000r\000c\000h}{chapter.7}% 46
\BOOKMARK [2][]{subsection.7.1.1}{\376\377\0007\000.\0001\000.\0001\000\040\000D\000e\000p\000l\000o\000y\000i\000n\000g\000\040\000a\000n\000d\000\040\000E\000x\000t\000e\000n\000d\000i\000n\000g\000\040\000M\000L\000-\000b\000a\000s\000e\000d\000\040\000S\000y\000n\000t\000h\000e\000s\000i\000s\000\040\000T\000o\000o\000l\000s}{section.7.1}% 47
\BOOKMARK [2][]{subsection.7.1.2}{\376\377\0007\000.\0001\000.\0002\000\040\000A\000d\000d\000r\000e\000s\000s\000i\000n\000g\000\040\000D\000a\000t\000a\000\040\000S\000c\000a\000r\000c\000i\000t\000y}{section.7.1}% 48
\BOOKMARK [2][]{subsection.7.1.3}{\376\377\0007\000.\0001\000.\0003\000\040\000I\000n\000t\000e\000g\000r\000a\000t\000i\000o\000n\000\040\000o\000f\000\040\000P\000r\000o\000t\000e\000i\000n\000\040\000B\000i\000o\000i\000n\000f\000o\000r\000m\000a\000t\000i\000c\000s}{section.7.1}% 49
\BOOKMARK [2][]{subsection.7.1.4}{\376\377\0007\000.\0001\000.\0004\000\040\000F\000u\000l\000l\000\040\000A\000u\000t\000o\000m\000a\000t\000i\000o\000n\000\040\000o\000f\000\040\000D\000r\000u\000g\000\040\000D\000i\000s\000c\000o\000v\000e\000r\000y}{section.7.1}% 50
\BOOKMARK [0][]{chapter*.55}{\376\377\000R\000e\000f\000e\000r\000e\000n\000c\000e\000s}{}% 51
\BOOKMARK [0][]{appendix.a.A}{\376\377\000A\000p\000p\000e\000n\000d\000i\000x\000\040\000A\000\040\000C\000o\000m\000p\000u\000t\000a\000t\000i\000o\000n\000a\000l\000\040\000D\000e\000t\000a\000i\000l\000s}{}% 52
\BOOKMARK [1][]{section.a.A.1}{\376\377\000A\000.\0001\000\040\000D\000o\000c\000k\000i\000n\000g\000\040\000a\000g\000a\000i\000n\000s\000t\000\040\000S\000A\000R\000S\000-\000C\000o\000V\000-\0002\000\040\000M\000p\000r\000o}{appendix.a.A}% 53
\BOOKMARK [1][]{section.a.A.2}{\376\377\000A\000.\0002\000\040\000F\000R\000E\000S\000C\000O}{appendix.a.A}% 54
\BOOKMARK [1][]{section.a.A.3}{\376\377\000A\000.\0003\000\040\000R\000a\000n\000k\000i\000n\000g\000\040\000m\000o\000d\000e\000l}{appendix.a.A}% 55
\BOOKMARK [1][]{section.a.A.4}{\376\377\000A\000.\0004\000\040\000M\000o\000l\000e\000c\000u\000l\000a\000r\000\040\000T\000r\000a\000n\000s\000f\000o\000r\000m\000e\000r\000\040\000i\000n\000t\000e\000r\000p\000r\000e\000t\000a\000t\000i\000o\000n}{appendix.a.A}% 56
\BOOKMARK [1][]{section.a.A.5}{\376\377\000A\000.\0005\000\040\000C\000r\000u\000d\000e\000\040\000b\000i\000o\000a\000c\000t\000i\000v\000i\000t\000y\000\040\000m\000o\000d\000e\000l\000l\000i\000n\000g}{appendix.a.A}% 57
\BOOKMARK [0][]{appendix.a.B}{\376\377\000A\000p\000p\000e\000n\000d\000i\000x\000\040\000B\000\040\000E\000x\000p\000e\000r\000i\000m\000e\000n\000t\000a\000l\000\040\000D\000e\000t\000a\000i\000l\000s}{}% 58
\BOOKMARK [1][]{section.a.B.1}{\376\377\000B\000.\0001\000\040\000S\000A\000R\000S\000-\000C\000o\000V\000-\0002\000\040\000M\000p\000r\000o\000\040\000a\000s\000s\000a\000y}{appendix.a.B}% 59
\BOOKMARK [1][]{section.a.B.2}{\376\377\000B\000.\0002\000\040\000O\000C\0004\0003\000\040\000a\000n\000t\000i\000v\000i\000r\000a\000l\000\040\000a\000s\000s\000a\000y}{appendix.a.B}% 60
\BOOKMARK [1][]{section.a.B.3}{\376\377\000B\000.\0003\000\040\000M\000L\000\040\000g\000e\000n\000e\000r\000a\000t\000e\000d\000\040\000r\000e\000a\000c\000t\000i\000o\000n\000\040\000s\000c\000h\000e\000m\000e\000s}{appendix.a.B}% 61
\BOOKMARK [1][]{section.a.B.4}{\376\377\000B\000.\0004\000\040\000S\000A\000R\000S\000-\000C\000o\000V\000-\0002\000\040\000n\000s\000p\0003\000-\000M\000a\000c\0001\000\040\000a\000s\000s\000a\000y}{appendix.a.B}% 62
\BOOKMARK [1][]{section.a.B.5}{\376\377\000B\000.\0005\000\040\000C\000r\000y\000s\000t\000a\000l\000l\000o\000g\000r\000a\000p\000h\000i\000c\000\040\000s\000c\000r\000e\000e\000n\000i\000n\000g\000\040\000o\000n\000\040\000S\000A\000R\000S\000-\000C\000o\000V\000-\0002\000\040\000n\000s\000p\0003\000-\000M\000a\000c\0001}{appendix.a.B}% 63
\BOOKMARK [1][]{section.a.B.6}{\376\377\000B\000.\0006\000\040\000H\000i\000g\000h\000-\000T\000h\000r\000o\000u\000g\000h\000p\000u\000t\000\040\000A\000m\000i\000d\000e\000\040\000C\000o\000u\000p\000l\000i\000n\000g}{appendix.a.B}% 64
