This is pdfTeX, Version 3.141592653-2.6-1.40.22 (TeX Live 2021) (preloaded format=pdflatex 2022.3.13)  14 APR 2023 18:06
entering extended mode
 restricted \write18 enabled.
 file:line:error style messages enabled.
 %&-line parsing enabled.
**/Users/williammccorkindale/ml_physics/thesis/thesis.tex
(/Users/williammccorkindale/ml_physics/thesis/thesis.tex
LaTeX2e <2020-10-01> patch level 4
L3 programming layer <2021-02-18> (/Users/williammccorkindale/ml_physics/thesis/Classes/PhDThesisPSnPDF.cls

LaTeX Warning: You have requested document class `Classes/PhDThesisPSnPDF',
               but the document class provides `PhDThesisPSnPDF'.

Document Class: PhDThesisPSnPDF 2016/04/23 A PhD thesis class file by Krishna Kumar (v2.3.1)
https://github.com/kks32/phd-thesis-template/
(/usr/local/texlive/2021/texmf-dist/tex/latex/base/book.cls
Document Class: book 2020/04/10 v1.4m Standard LaTeX document class
(/usr/local/texlive/2021/texmf-dist/tex/latex/base/bk12.clo
File: bk12.clo 2020/04/10 v1.4m Standard LaTeX file (size option)
)
\c@part=\count179
\c@chapter=\count180
\c@section=\count181
\c@subsection=\count182
\c@subsubsection=\count183
\c@paragraph=\count184
\c@subparagraph=\count185
\c@figure=\count186
\c@table=\count187
\abovecaptionskip=\skip47
\belowcaptionskip=\skip48
\bibindent=\dimen138
) (/usr/local/texlive/2021/texmf-dist/tex/latex/graphics/lscape.sty
Package: lscape 2020/05/28 v3.02 Landscape Pages (DPC)
 (/usr/local/texlive/2021/texmf-dist/tex/latex/graphics/graphics.sty
Package: graphics 2020/08/30 v1.4c Standard LaTeX Graphics (DPC,SPQR)
 (/usr/local/texlive/2021/texmf-dist/tex/latex/graphics/trig.sty
Package: trig 2016/01/03 v1.10 sin cos tan (DPC)
) (/usr/local/texlive/2021/texmf-dist/tex/latex/graphics-cfg/graphics.cfg
File: graphics.cfg 2016/06/04 v1.11 sample graphics configuration
)
Package graphics Info: Driver file: pdftex.def on input line 105.
 (/usr/local/texlive/2021/texmf-dist/tex/latex/graphics-def/pdftex.def
File: pdftex.def 2020/10/05 v1.2a Graphics/color driver for pdftex
))) (/usr/local/texlive/2021/texmf-dist/tex/latex/setspace/setspace.sty
Package: setspace 2011/12/19 v6.7a set line spacing
) (/usr/local/texlive/2021/texmf-dist/tex/latex/tools/calc.sty
Package: calc 2017/05/25 v4.3 Infix arithmetic (KKT,FJ)
\calc@Acount=\count188
\calc@Bcount=\count189
\calc@Adimen=\dimen139
\calc@Bdimen=\dimen140
\calc@Askip=\skip49
\calc@Bskip=\skip50
LaTeX Info: Redefining \setlength on input line 80.
LaTeX Info: Redefining \addtolength on input line 81.
\calc@Ccount=\count190
\calc@Cskip=\skip51
) (/usr/local/texlive/2021/texmf-dist/tex/latex/base/ifthen.sty
Package: ifthen 2014/09/29 v1.1c Standard LaTeX ifthen package (DPC)
) (/usr/local/texlive/2021/texmf-dist/tex/generic/iftex/ifpdf.sty
Package: ifpdf 2019/10/25 v3.4 ifpdf legacy package. Use iftex instead.
 (/usr/local/texlive/2021/texmf-dist/tex/generic/iftex/iftex.sty
Package: iftex 2020/03/06 v1.0d TeX engine tests
)) (/usr/local/texlive/2021/texmf-dist/tex/generic/iftex/ifxetex.sty
Package: ifxetex 2019/10/25 v0.7 ifxetex legacy package. Use iftex instead.
) (/usr/local/texlive/2021/texmf-dist/tex/latex/tocbibind/tocbibind.sty
Package: tocbibind 2010/10/13 v1.5k extra ToC listings
Package tocbibind Info: The document has chapter divisions on input line 50.


Package tocbibind Note: Using chapter style headings, unless overridden.

) (/usr/local/texlive/2021/texmf-dist/tex/latex/appendix/appendix.sty
Package: appendix 2020/02/08 v1.2c extra appendix facilities
\c@@pps=\count191
\c@@ppsavesec=\count192
\c@@ppsaveapp=\count193
) (/usr/local/texlive/2021/texmf-dist/tex/latex/graphics/color.sty
Package: color 2020/02/24 v1.2b Standard LaTeX Color (DPC)
 (/usr/local/texlive/2021/texmf-dist/tex/latex/graphics-cfg/color.cfg
File: color.cfg 2016/01/02 v1.6 sample color configuration
)
Package color Info: Driver file: pdftex.def on input line 147.
 (/usr/local/texlive/2021/texmf-dist/tex/latex/graphics/dvipsnam.def
File: dvipsnam.def 2016/06/17 v3.0m Driver-dependent file (DPC,SPQR)
)) (/usr/local/texlive/2021/texmf-dist/tex/latex/epstopdf-pkg/epstopdf.sty
Package: epstopdf 2020-01-24 v2.11 Conversion with epstopdf on the fly (HO)
 (/usr/local/texlive/2021/texmf-dist/tex/generic/infwarerr/infwarerr.sty
Package: infwarerr 2019/12/03 v1.5 Providing info/warning/error messages (HO)
) (/usr/local/texlive/2021/texmf-dist/tex/latex/grfext/grfext.sty
Package: grfext 2019/12/03 v1.3 Manage graphics extensions (HO)
 (/usr/local/texlive/2021/texmf-dist/tex/generic/kvdefinekeys/kvdefinekeys.sty
Package: kvdefinekeys 2019-12-19 v1.6 Define keys (HO)
)) (/usr/local/texlive/2021/texmf-dist/tex/latex/kvoptions/kvoptions.sty
Package: kvoptions 2020-10-07 v3.14 Key value format for package options (HO)
 (/usr/local/texlive/2021/texmf-dist/tex/latex/graphics/keyval.sty
Package: keyval 2014/10/28 v1.15 key=value parser (DPC)
\KV@toks@=\toks15
) (/usr/local/texlive/2021/texmf-dist/tex/generic/ltxcmds/ltxcmds.sty
Package: ltxcmds 2020-05-10 v1.25 LaTeX kernel commands for general use (HO)
) (/usr/local/texlive/2021/texmf-dist/tex/generic/kvsetkeys/kvsetkeys.sty
Package: kvsetkeys 2019/12/15 v1.18 Key value parser (HO)
)) (/usr/local/texlive/2021/texmf-dist/tex/generic/pdftexcmds/pdftexcmds.sty
Package: pdftexcmds 2020-06-27 v0.33 Utility functions of pdfTeX for LuaTeX (HO)
Package pdftexcmds Info: \pdf@primitive is available.
Package pdftexcmds Info: \pdf@ifprimitive is available.
Package pdftexcmds Info: \pdfdraftmode found.
) (/usr/local/texlive/2021/texmf-dist/tex/latex/epstopdf-pkg/epstopdf-base.sty
Package: epstopdf-base 2020-01-24 v2.11 Base part for package epstopdf
Package epstopdf-base Info: Redefining graphics rule for `.eps' on input line 485.
Package grfext Info: Graphics extension search list:
(grfext)             [.pdf,.png,.jpg,.mps,.jpeg,.jbig2,.jb2,.PDF,.PNG,.JPG,.JPEG,.JBIG2,.JB2,.eps]
(grfext)             \AppendGraphicsExtensions on input line 504.
 (/usr/local/texlive/2021/texmf-dist/tex/latex/latexconfig/epstopdf-sys.cfg
File: epstopdf-sys.cfg 2010/07/13 v1.3 Configuration of (r)epstopdf for TeX Live
))) (/usr/local/texlive/2021/texmf-dist/tex/latex/graphics/graphicx.sty
Package: graphicx 2020/09/09 v1.2b Enhanced LaTeX Graphics (DPC,SPQR)
\Gin@req@height=\dimen141
\Gin@req@width=\dimen142
) (/usr/local/texlive/2021/texmf-dist/tex/latex/datetime/datetime.sty
Package: datetime 2015/03/20 v2.60 Date Time Package
 (/usr/local/texlive/2021/texmf-dist/tex/latex/etoolbox/etoolbox.sty
Package: etoolbox 2020/10/05 v2.5k e-TeX tools for LaTeX (JAW)
\etb@tempcnta=\count194
) (/usr/local/texlive/2021/texmf-dist/tex/latex/fmtcount/fmtcount.sty
Package: fmtcount 2020/01/30 v3.07
 (/usr/local/texlive/2021/texmf-dist/tex/latex/xkeyval/xkeyval.sty
Package: xkeyval 2020/11/20 v2.8 package option processing (HA)
 (/usr/local/texlive/2021/texmf-dist/tex/generic/xkeyval/xkeyval.tex (/usr/local/texlive/2021/texmf-dist/tex/generic/xkeyval/xkvutils.tex
\XKV@toks=\toks16
\XKV@tempa@toks=\toks17
)
\XKV@depth=\count195
File: xkeyval.tex 2014/12/03 v2.7a key=value parser (HA)
)) (/usr/local/texlive/2021/texmf-dist/tex/latex/fmtcount/fcprefix.sty
Package: fcprefix 2012/09/28
 (/usr/local/texlive/2021/texmf-dist/tex/latex/fmtcount/fcnumparser.sty
Package: fcnumparser 2017/06/15
\fc@digit@counter=\count196
)) (/usr/local/texlive/2021/texmf-dist/tex/latex/amsmath/amsgen.sty
File: amsgen.sty 1999/11/30 v2.0 generic functions
\@emptytoks=\toks18
\ex@=\dimen143
)
\c@padzeroesN=\count197
\fc@tmpcatcode=\count198
\@DT@modctr=\count199
\@ordinalctr=\count266
\@orgargctr=\count267
\@strctr=\count268
\@tmpstrctr=\count269
\@DT@loopN=\count270
\@DT@X=\count271
) (/usr/local/texlive/2021/texmf-dist/tex/latex/datetime/datetime-defaults.sty
Package: datetime-defaults 2013/09/10
)
\@day=\count272
\@month=\count273
\@year=\count274
\c@HOUR=\count275
\c@HOURXII=\count276
\c@MINUTE=\count277
\c@TOHOUR=\count278
\c@TOMINUTE=\count279
\c@SECOND=\count280
\currenthour=\count281
\currentminute=\count282
\currentsecond=\count283
Package datetime Info: No datetime.cfg file found, using default settings on input line 308.
\@dtctr=\count284
\dayofyear=\count285
\dayofweek=\count286
LaTeX Info: Redefining \today on input line 736.
\dt@a=\toks19
\dt@b=\toks20
)
\PHD@hour=\count287
\PHD@minute=\count288
 (/usr/local/texlive/2021/texmf-dist/tex/latex/natbib/natbib.sty
Package: natbib 2010/09/13 8.31b (PWD, AO)
\bibhang=\skip52
\bibsep=\skip53
LaTeX Info: Redefining \cite on input line 694.
\c@NAT@ctr=\count289
) (/usr/local/texlive/2021/texmf-dist/tex/latex/base/textcomp.sty
Package: textcomp 2020/02/02 v2.0n Standard LaTeX package
) (/usr/local/texlive/2021/texmf-dist/tex/latex/psnfss/mathptmx.sty
Package: mathptmx 2020/03/25 PSNFSS-v9.3 Times w/ Math, improved (SPQR, WaS) 
LaTeX Font Info:    Redeclaring symbol font `operators' on input line 28.
LaTeX Font Info:    Overwriting symbol font `operators' in version `normal'
(Font)                  OT1/cmr/m/n --> OT1/ztmcm/m/n on input line 28.
LaTeX Font Info:    Overwriting symbol font `operators' in version `bold'
(Font)                  OT1/cmr/bx/n --> OT1/ztmcm/m/n on input line 28.
LaTeX Font Info:    Redeclaring symbol font `letters' on input line 29.
LaTeX Font Info:    Overwriting symbol font `letters' in version `normal'
(Font)                  OML/cmm/m/it --> OML/ztmcm/m/it on input line 29.
LaTeX Font Info:    Overwriting symbol font `letters' in version `bold'
(Font)                  OML/cmm/b/it --> OML/ztmcm/m/it on input line 29.
LaTeX Font Info:    Redeclaring symbol font `symbols' on input line 30.
LaTeX Font Info:    Overwriting symbol font `symbols' in version `normal'
(Font)                  OMS/cmsy/m/n --> OMS/ztmcm/m/n on input line 30.
LaTeX Font Info:    Overwriting symbol font `symbols' in version `bold'
(Font)                  OMS/cmsy/b/n --> OMS/ztmcm/m/n on input line 30.
LaTeX Font Info:    Redeclaring symbol font `largesymbols' on input line 31.
LaTeX Font Info:    Overwriting symbol font `largesymbols' in version `normal'
(Font)                  OMX/cmex/m/n --> OMX/ztmcm/m/n on input line 31.
LaTeX Font Info:    Overwriting symbol font `largesymbols' in version `bold'
(Font)                  OMX/cmex/m/n --> OMX/ztmcm/m/n on input line 31.
\symbold=\mathgroup4
\symitalic=\mathgroup5
LaTeX Font Info:    Redeclaring math alphabet \mathbf on input line 34.
LaTeX Font Info:    Overwriting math alphabet `\mathbf' in version `normal'
(Font)                  OT1/cmr/bx/n --> OT1/ptm/bx/n on input line 34.
LaTeX Font Info:    Overwriting math alphabet `\mathbf' in version `bold'
(Font)                  OT1/cmr/bx/n --> OT1/ptm/bx/n on input line 34.
LaTeX Font Info:    Redeclaring math alphabet \mathit on input line 35.
LaTeX Font Info:    Overwriting math alphabet `\mathit' in version `normal'
(Font)                  OT1/cmr/m/it --> OT1/ptm/m/it on input line 35.
LaTeX Font Info:    Overwriting math alphabet `\mathit' in version `bold'
(Font)                  OT1/cmr/bx/it --> OT1/ptm/m/it on input line 35.
LaTeX Info: Redefining \hbar on input line 50.
) PhDThesisPSnPDF: Using Times Roman font (/usr/local/texlive/2021/texmf-dist/tex/latex/base/inputenc.sty
Package: inputenc 2020/08/01 v1.3d Input encoding file
\inpenc@prehook=\toks21
\inpenc@posthook=\toks22
) (/usr/local/texlive/2021/texmf-dist/tex/latex/base/fontenc.sty
Package: fontenc 2020/08/10 v2.0s Standard LaTeX package
LaTeX Font Info:    Trying to load font information for T1+ptm on input line 112.
 (/usr/local/texlive/2021/texmf-dist/tex/latex/psnfss/t1ptm.fd
File: t1ptm.fd 2001/06/04 font definitions for T1/ptm.
)) (/usr/local/texlive/2021/texmf-dist/tex/latex/microtype/microtype.sty
Package: microtype 2021/03/14 v2.8c Micro-typographical refinements (RS)
\MT@toks=\toks23
\MT@count=\count290
LaTeX Info: Redefining \textls on input line 790.
\MT@outer@kern=\dimen144
LaTeX Info: Redefining \textmicrotypecontext on input line 1374.
\MT@listname@count=\count291
 (/usr/local/texlive/2021/texmf-dist/tex/latex/microtype/microtype-pdftex.def
File: microtype-pdftex.def 2021/03/14 v2.8c Definitions specific to pdftex (RS)
LaTeX Info: Redefining \lsstyle on input line 915.
LaTeX Info: Redefining \lslig on input line 915.
\MT@outer@space=\skip54
)
Package microtype Info: Loading configuration file microtype.cfg.
 (/usr/local/texlive/2021/texmf-dist/tex/latex/microtype/microtype.cfg
File: microtype.cfg 2021/03/14 v2.8c microtype main configuration file (RS)
)) (/usr/local/texlive/2021/texmf-dist/tex/generic/pdftex/glyphtounicode.tex) (/usr/local/texlive/2021/texmf-dist/tex/latex/amsfonts/amsfonts.sty
Package: amsfonts 2013/01/14 v3.01 Basic AMSFonts support
\symAMSa=\mathgroup6
\symAMSb=\mathgroup7
LaTeX Font Info:    Overwriting math alphabet `\mathfrak' in version `bold'
(Font)                  U/euf/m/n --> U/euf/b/n on input line 106.
) (/usr/local/texlive/2021/texmf-dist/tex/latex/amsmath/amsmath.sty
Package: amsmath 2020/09/23 v2.17i AMS math features
\@mathmargin=\skip55

For additional information on amsmath, use the `?' option.
(/usr/local/texlive/2021/texmf-dist/tex/latex/amsmath/amstext.sty
Package: amstext 2000/06/29 v2.01 AMS text
) (/usr/local/texlive/2021/texmf-dist/tex/latex/amsmath/amsbsy.sty
Package: amsbsy 1999/11/29 v1.2d Bold Symbols
\pmbraise@=\dimen145
) (/usr/local/texlive/2021/texmf-dist/tex/latex/amsmath/amsopn.sty
Package: amsopn 2016/03/08 v2.02 operator names
)
\inf@bad=\count292
LaTeX Info: Redefining \frac on input line 234.
\uproot@=\count293
\leftroot@=\count294
LaTeX Info: Redefining \overline on input line 399.
\classnum@=\count295
\DOTSCASE@=\count296
LaTeX Info: Redefining \ldots on input line 496.
LaTeX Info: Redefining \dots on input line 499.
LaTeX Info: Redefining \cdots on input line 620.
\Mathstrutbox@=\box47
\strutbox@=\box48
\big@size=\dimen146
LaTeX Font Info:    Redeclaring font encoding OML on input line 743.
LaTeX Font Info:    Redeclaring font encoding OMS on input line 744.
\macc@depth=\count297
\c@MaxMatrixCols=\count298
\dotsspace@=\muskip16
\c@parentequation=\count299
\dspbrk@lvl=\count300
\tag@help=\toks24
\row@=\count301
\column@=\count302
\maxfields@=\count303
\andhelp@=\toks25
\eqnshift@=\dimen147
\alignsep@=\dimen148
\tagshift@=\dimen149
\tagwidth@=\dimen150
\totwidth@=\dimen151
\lineht@=\dimen152
\@envbody=\toks26
\multlinegap=\skip56
\multlinetaggap=\skip57
\mathdisplay@stack=\toks27
LaTeX Info: Redefining \[ on input line 2923.
LaTeX Info: Redefining \] on input line 2924.
) (/usr/local/texlive/2021/texmf-dist/tex/latex/amsfonts/amssymb.sty
Package: amssymb 2013/01/14 v3.01 AMS font symbols
) (/usr/local/texlive/2021/texmf-dist/tex/latex/hyperref/hyperref.sty
Package: hyperref 2021-02-27 v7.00k Hypertext links for LaTeX
 (/usr/local/texlive/2021/texmf-dist/tex/generic/pdfescape/pdfescape.sty
Package: pdfescape 2019/12/09 v1.15 Implements pdfTeX's escape features (HO)
) (/usr/local/texlive/2021/texmf-dist/tex/latex/hycolor/hycolor.sty
Package: hycolor 2020-01-27 v1.10 Color options for hyperref/bookmark (HO)
) (/usr/local/texlive/2021/texmf-dist/tex/latex/letltxmacro/letltxmacro.sty
Package: letltxmacro 2019/12/03 v1.6 Let assignment for LaTeX macros (HO)
) (/usr/local/texlive/2021/texmf-dist/tex/latex/auxhook/auxhook.sty
Package: auxhook 2019-12-17 v1.6 Hooks for auxiliary files (HO)
)
\@linkdim=\dimen153
\Hy@linkcounter=\count304
\Hy@pagecounter=\count305
 (/usr/local/texlive/2021/texmf-dist/tex/latex/hyperref/pd1enc.def
File: pd1enc.def 2021-02-27 v7.00k Hyperref: PDFDocEncoding definition (HO)
Now handling font encoding PD1 ...
... no UTF-8 mapping file for font encoding PD1
) (/usr/local/texlive/2021/texmf-dist/tex/latex/hyperref/hyperref-langpatches.def
File: hyperref-langpatches.def 2021-02-27 v7.00k Hyperref: patches for babel languages
) (/usr/local/texlive/2021/texmf-dist/tex/generic/intcalc/intcalc.sty
Package: intcalc 2019/12/15 v1.3 Expandable calculations with integers (HO)
) (/usr/local/texlive/2021/texmf-dist/tex/generic/etexcmds/etexcmds.sty
Package: etexcmds 2019/12/15 v1.7 Avoid name clashes with e-TeX commands (HO)
)
\Hy@SavedSpaceFactor=\count306
 (/usr/local/texlive/2021/texmf-dist/tex/latex/hyperref/puenc.def
File: puenc.def 2021-02-27 v7.00k Hyperref: PDF Unicode definition (HO)
Now handling font encoding PU ...
... no UTF-8 mapping file for font encoding PU
)
Package hyperref Info: Option `unicode' set `true' on input line 4073.
Package hyperref Info: Hyper figures OFF on input line 4192.
Package hyperref Info: Link nesting OFF on input line 4197.
Package hyperref Info: Hyper index ON on input line 4200.
Package hyperref Info: Plain pages OFF on input line 4207.
Package hyperref Info: Backreferencing OFF on input line 4212.
Package hyperref Info: Implicit mode ON; LaTeX internals redefined.
Package hyperref Info: Bookmarks ON on input line 4445.
\c@Hy@tempcnt=\count307
 (/usr/local/texlive/2021/texmf-dist/tex/latex/url/url.sty
\Urlmuskip=\muskip17
Package: url 2013/09/16  ver 3.4  Verb mode for urls, etc.
)
LaTeX Info: Redefining \url on input line 4804.
\XeTeXLinkMargin=\dimen154
 (/usr/local/texlive/2021/texmf-dist/tex/generic/bitset/bitset.sty
Package: bitset 2019/12/09 v1.3 Handle bit-vector datatype (HO)
 (/usr/local/texlive/2021/texmf-dist/tex/generic/bigintcalc/bigintcalc.sty
Package: bigintcalc 2019/12/15 v1.5 Expandable calculations on big integers (HO)
))
\Fld@menulength=\count308
\Field@Width=\dimen155
\Fld@charsize=\dimen156
Package hyperref Info: Hyper figures OFF on input line 6075.
Package hyperref Info: Link nesting OFF on input line 6080.
Package hyperref Info: Hyper index ON on input line 6083.
Package hyperref Info: backreferencing OFF on input line 6090.
Package hyperref Info: Link coloring OFF on input line 6095.
Package hyperref Info: Link coloring with OCG OFF on input line 6100.
Package hyperref Info: PDF/A mode OFF on input line 6105.
LaTeX Info: Redefining \ref on input line 6145.
LaTeX Info: Redefining \pageref on input line 6149.
 (/usr/local/texlive/2021/texmf-dist/tex/latex/base/atbegshi-ltx.sty
Package: atbegshi-ltx 2020/08/17 v1.0a Emulation of the original atbegshi package
with kernel methods
)
\Hy@abspage=\count309
\c@Item=\count310
\c@Hfootnote=\count311
)
Package hyperref Info: Driver (autodetected): hpdftex.
 (/usr/local/texlive/2021/texmf-dist/tex/latex/hyperref/hpdftex.def
File: hpdftex.def 2021-02-27 v7.00k Hyperref driver for pdfTeX
 (/usr/local/texlive/2021/texmf-dist/tex/latex/base/atveryend-ltx.sty
Package: atveryend-ltx 2020/08/19 v1.0a Emulation of the original atvery package
with kernel methods
)
\Fld@listcount=\count312
\c@bookmark@seq@number=\count313
 (/usr/local/texlive/2021/texmf-dist/tex/latex/rerunfilecheck/rerunfilecheck.sty
Package: rerunfilecheck 2019/12/05 v1.9 Rerun checks for auxiliary files (HO)
 (/usr/local/texlive/2021/texmf-dist/tex/generic/uniquecounter/uniquecounter.sty
Package: uniquecounter 2019/12/15 v1.4 Provide unlimited unique counter (HO)
)
Package uniquecounter Info: New unique counter `rerunfilecheck' on input line 286.
)
\Hy@SectionHShift=\skip58
)
Package hyperref Info: Option `final' set `true' on input line 652.
Package hyperref Info: Option `plainpages' set `false' on input line 652.
Package hyperref Info: Option `pdftoolbar' set `true' on input line 652.
Package hyperref Info: Option `pdfmenubar' set `true' on input line 652.
Package hyperref Info: Option `bookmarksopen' set `true' on input line 652.
Package hyperref Info: Option `bookmarksnumbered' set `true' on input line 652.
Package hyperref Info: Option `breaklinks' set `true' on input line 652.
Package hyperref Info: Option `linktocpage' set `true' on input line 652.
Package hyperref Info: Option `colorlinks' set `true' on input line 652.
 (/usr/local/texlive/2021/texmf-dist/tex/latex/geometry/geometry.sty
Package: geometry 2020/01/02 v5.9 Page Geometry
 (/usr/local/texlive/2021/texmf-dist/tex/generic/iftex/ifvtex.sty
Package: ifvtex 2019/10/25 v1.7 ifvtex legacy package. Use iftex instead.
)
\Gm@cnth=\count314
\Gm@cntv=\count315
\c@Gm@tempcnt=\count316
\Gm@bindingoffset=\dimen157
\Gm@wd@mp=\dimen158
\Gm@odd@mp=\dimen159
\Gm@even@mp=\dimen160
\Gm@layoutwidth=\dimen161
\Gm@layoutheight=\dimen162
\Gm@layouthoffset=\dimen163
\Gm@layoutvoffset=\dimen164
\Gm@dimlist=\toks28
) PhDThesisPSnPDF: The University identity guidelines recommend using left aligned text. Please use `flushleft' in the documentclass option, if you wish to left align your text (/usr/local/texlive/2021/texmf-dist/tex/latex/fancyhdr/fancyhdr.sty
Package: fancyhdr 2021/01/28 v4.0.1 Extensive control of page headers and footers
\f@nch@headwidth=\skip59
\f@nch@O@elh=\skip60
\f@nch@O@erh=\skip61
\f@nch@O@olh=\skip62
\f@nch@O@orh=\skip63
\f@nch@O@elf=\skip64
\f@nch@O@erf=\skip65
\f@nch@O@olf=\skip66
\f@nch@O@orf=\skip67
) (/usr/local/texlive/2021/texmf-dist/tex/latex/nomencl/nomencl.sty
Package: nomencl 2020/12/29 v5.5 Nomenclature package
 (/usr/local/texlive/2021/texmf-dist/tex/latex/koma-script/tocbasic.sty
Package: tocbasic 2021/03/17 v3.33 KOMA-Script package (handling toc-files)
 (/usr/local/texlive/2021/texmf-dist/tex/latex/koma-script/scrbase.sty
Package: scrbase 2021/03/17 v3.33 KOMA-Script package (KOMA-Script-independent basics and keyval usage)
 (/usr/local/texlive/2021/texmf-dist/tex/latex/koma-script/scrlfile.sty
Package: scrlfile 2021/03/17 v3.33 KOMA-Script package (file load hooks)
 (/usr/local/texlive/2021/texmf-dist/tex/latex/koma-script/scrlfile-hook.sty
Package: scrlfile-hook 2021/03/17 v3.33 KOMA-Script package (using LaTeX hooks)

LaTeX3 Info: Defining command \BeforeFile with sig. 'm' on line 61.


LaTeX3 Info: Defining command \AfterFile with sig. 'm' on line 65.


LaTeX3 Info: Defining command \BeforeClass with sig. 'm' on line 69.


LaTeX3 Info: Defining command \BeforePackage with sig. 'm' on line 73.


LaTeX3 Info: Defining command \AfterAtEndOfClass with sig. 'smo+m' on line 83.


LaTeX3 Info: Defining command \AfterAtEndOfPackage with sig. 'smo+m' on line
(LaTeX3)     93.


LaTeX3 Info: Defining command \scrlfile@AfterClass with sig. 'smo+m' on line
(LaTeX3)     173.


LaTeX3 Info: Defining command \AfterClass with sig. '' on line 174.


LaTeX3 Info: Defining command \scrlfile@AfterPackage with sig. 'smo+m' on line
(LaTeX3)     191.


LaTeX3 Info: Defining command \AfterPackage with sig. '' on line 192.


LaTeX3 Info: Defining command \ReplaceInput with sig. '' on line 193.


LaTeX3 Info: Defining command \ReplaceClass with sig. 'mm' on line 196.


LaTeX3 Info: Defining command \ReplacePackage with sig. 'mm' on line 199.


LaTeX3 Info: Defining command \UnReplaceInput with sig. '' on line 200.


LaTeX3 Info: Defining command \UnReplaceClass with sig. 'm' on line 203.


LaTeX3 Info: Defining command \UnReplacePackage with sig. 'mm' on line 206.


LaTeX3 Info: Defining command \PreventPackageFromLoading with sig. 's+om' on
(LaTeX3)     line 234.


LaTeX3 Info: Defining command \StorePreventPackageFromLoading with sig. 'm' on
(LaTeX3)     line 242.


LaTeX3 Info: Defining command \ResetPreventPackageFromLoading with sig. '' on
(LaTeX3)     line 247.


LaTeX3 Info: Defining command \UnPreventPackageFromLoading with sig. 'sm' on
(LaTeX3)     line 261.


LaTeX3 Info: Defining command \BeforeClosingMainAux with sig. 'om' on line
(LaTeX3)     274.


LaTeX3 Info: Defining command \AfterReadingMainAux with sig. 'om' on line 287.


LaTeX3 Info: Defining command \protected@immediate@write with sig. 'm+m+m' on
(LaTeX3)     line 298.

 (/usr/local/texlive/2021/texmf-dist/tex/latex/koma-script/scrlogo.sty
Package: scrlogo 2021/03/17 v3.33 KOMA-Script package (logo)
)))
Skipping: [2021/05/01] Usage of raw option list on input line 252.
Applying: [0000/00/00] compatibility for LaTeX before 2021/05/01 on input line 337.
)
\scr@dte@tocline@numberwidth=\skip68
\scr@dte@tocline@numbox=\box49
)
Package tocbasic Info: babel extension for `nlo' omitted
(tocbasic)             because of missing \bbl@set@language on input line 187.
Package tocbasic Info: babel extension for `nls' omitted
(tocbasic)             because of missing \bbl@set@language on input line 188.
\nomlabelwidth=\dimen165
\nom@tempdim=\dimen166
\nomitemsep=\skip69
)
\@nomenclaturefile=\write3
\openout3 = `thesis.nlo'.

Package nomencl Info: Writing nomenclature file thesis.nlo on input line 1023.
) (/Users/williammccorkindale/ml_physics/thesis/Preamble/preamble.tex (/usr/local/texlive/2021/texmf-dist/tex/latex/caption/caption.sty
Package: caption 2020/10/26 v3.5g Customizing captions (AR)
 (/usr/local/texlive/2021/texmf-dist/tex/latex/caption/caption3.sty
Package: caption3 2020/10/21 v2.2e caption3 kernel (AR)
\captionmargin=\dimen167
\captionmargin@=\dimen168
\captionwidth=\dimen169
\caption@tempdima=\dimen170
\caption@indent=\dimen171
\caption@parindent=\dimen172
\caption@hangindent=\dimen173
Package caption Info: Standard document class detected.
)
\c@caption@flags=\count317
\c@continuedfloat=\count318
Package caption Info: hyperref package is loaded.
) (/usr/local/texlive/2021/texmf-dist/tex/latex/caption/subcaption.sty
Package: subcaption 2020/10/07 v1.3j Sub-captions (AR)
\c@subfigure=\count319
\c@subtable=\count320
) (/usr/local/texlive/2021/texmf-dist/tex/latex/booktabs/booktabs.sty
Package: booktabs 2020/01/12 v1.61803398 Publication quality tables
\heavyrulewidth=\dimen174
\lightrulewidth=\dimen175
\cmidrulewidth=\dimen176
\belowrulesep=\dimen177
\belowbottomsep=\dimen178
\aboverulesep=\dimen179
\abovetopsep=\dimen180
\cmidrulesep=\dimen181
\cmidrulekern=\dimen182
\defaultaddspace=\dimen183
\@cmidla=\count321
\@cmidlb=\count322
\@aboverulesep=\dimen184
\@belowrulesep=\dimen185
\@thisruleclass=\count323
\@lastruleclass=\count324
\@thisrulewidth=\dimen186
) (/usr/local/texlive/2021/texmf-dist/tex/latex/multirow/multirow.sty
Package: multirow 2021/03/15 v2.8 Span multiple rows of a table
\multirow@colwidth=\skip70
\multirow@cntb=\count325
\multirow@dima=\skip71
\bigstrutjot=\dimen187
) (/usr/local/texlive/2021/texmf-dist/tex/latex/tools/bm.sty
Package: bm 2019/07/24 v1.2d Bold Symbol Support (DPC/FMi)
LaTeX Info: Redefining \bm on input line 209.
) (/usr/local/texlive/2021/texmf-dist/tex/latex/siunitx/siunitx.sty (/usr/local/texlive/2021/texmf-dist/tex/latex/l3kernel/expl3.sty
Package: expl3 2021-02-18 L3 programming layer (loader) 
 (/usr/local/texlive/2021/texmf-dist/tex/latex/l3backend/l3backend-pdftex.def
File: l3backend-pdftex.def 2021-03-18 L3 backend support: PDF output (pdfTeX)
\l__color_backend_stack_int=\count326
\l__pdf_internal_box=\box50
)) (/usr/local/texlive/2021/texmf-dist/tex/latex/l3packages/xparse/xparse.sty (/usr/local/texlive/2021/texmf-dist/tex/latex/l3packages/xparse/xparse-2020-10-01.sty (/usr/local/texlive/2021/texmf-dist/tex/latex/l3packages/xparse/xparse-generic.tex)))
Package: siunitx 2020/02/25 v2.8b A comprehensive (SI) units package
 (/usr/local/texlive/2021/texmf-dist/tex/latex/tools/array.sty
Package: array 2020/10/01 v2.5c Tabular extension package (FMi)
\col@sep=\dimen188
\ar@mcellbox=\box51
\extrarowheight=\dimen189
\NC@list=\toks29
\extratabsurround=\skip72
\backup@length=\skip73
\ar@cellbox=\box52
) (/usr/local/texlive/2021/texmf-dist/tex/latex/l3packages/l3keys2e/l3keys2e.sty
Package: l3keys2e 2021-03-12 LaTeX2e option processing using LaTeX3 keys
)
\l__siunitx_tmp_box=\box53
\l__siunitx_tmp_dim=\dimen190
\l__siunitx_tmp_int=\count327
\l__siunitx_number_mantissa_length_int=\count328
\l__siunitx_number_uncert_length_int=\count329
\l__siunitx_round_int=\count330
\l__siunitx_process_decimal_int=\count331
\l__siunitx_process_uncertainty_int=\count332
\l__siunitx_process_fixed_int=\count333
\l__siunitx_process_integer_min_int=\count334
\l__siunitx_process_precision_int=\count335
\l__siunitx_group_min_int=\count336
\l__siunitx_angle_marker_box=\box54
\l__siunitx_angle_unit_box=\box55
\l__siunitx_angle_marker_dim=\dimen191
\l__siunitx_angle_unit_dim=\dimen192
\l__siunitx_unit_int=\count337
\l__siunitx_unit_denominator_int=\count338
\l__siunitx_unit_numerator_int=\count339
\l__siunitx_unit_prefix_int=\count340
\l__siunitx_unit_prefix_base_int=\count341
\l__siunitx_unit_prefix_gram_int=\count342
\l__siunitx_number_product_int=\count343
\c__siunitx_one_fill_skip=\skip74
\l__siunitx_table_unit_align_skip=\skip75
\l__siunitx_table_exponent_dim=\dimen193
\l__siunitx_table_integer_dim=\dimen194
\l__siunitx_table_mantissa_dim=\dimen195
\l__siunitx_table_marker_dim=\dimen196
\l__siunitx_table_result_dim=\dimen197
\l__siunitx_table_uncert_dim=\dimen198
\l__siunitx_table_fill_pre_dim=\dimen199
\l__siunitx_table_fill_post_dim=\dimen256
\l__siunitx_table_fill_mid_dim=\dimen257
\l__siunitx_table_pre_box=\box56
\l__siunitx_table_post_box=\box57
\l__siunitx_table_mantissa_box=\box58
\l__siunitx_table_result_box=\box59
\l__siunitx_table_number_align_skip=\skip76
\l__siunitx_table_text_align_skip=\skip77
 (/usr/local/texlive/2021/texmf-dist/tex/latex/translator/translator.sty
Package: translator 2020-08-03 v1.12c Easy translation of strings in LaTeX
))) (/Users/williammccorkindale/ml_physics/thesis/thesis-info.tex) (/Users/williammccorkindale/ml_physics/thesis/thesis.aux (/Users/williammccorkindale/ml_physics/thesis/Declaration/declaration.aux) (/Users/williammccorkindale/ml_physics/thesis/Acknowledgement/acknowledgement.aux) (/Users/williammccorkindale/ml_physics/thesis/Abstract/abstract.aux) (/Users/williammccorkindale/ml_physics/thesis/Chapters/Preface/preface.aux) (/Users/williammccorkindale/ml_physics/thesis/Chapters/Intro/intro.aux) (/Users/williammccorkindale/ml_physics/thesis/Chapters/Background/background.aux) (/Users/williammccorkindale/ml_physics/thesis/Chapters/Fresco/fresco.aux) (/Users/williammccorkindale/ml_physics/thesis/Chapters/Ranking/ranking.aux) (/Users/williammccorkindale/ml_physics/thesis/Chapters/Transformer/transformer.aux) (/Users/williammccorkindale/ml_physics/thesis/Chapters/Crude/test.aux) (/Users/williammccorkindale/ml_physics/thesis/Chapters/Outlook/outlook.aux) (/Users/williammccorkindale/ml_physics/thesis/Appendix/Appendix1/appendix1.aux) (/Users/williammccorkindale/ml_physics/thesis/Appendix/Appendix2/appendix2.aux))
\openout1 = `thesis.aux'.

LaTeX Font Info:    Checking defaults for OML/cmm/m/it on input line 118.
LaTeX Font Info:    ... okay on input line 118.
LaTeX Font Info:    Checking defaults for OMS/cmsy/m/n on input line 118.
LaTeX Font Info:    ... okay on input line 118.
LaTeX Font Info:    Checking defaults for OT1/cmr/m/n on input line 118.
LaTeX Font Info:    ... okay on input line 118.
LaTeX Font Info:    Checking defaults for T1/cmr/m/n on input line 118.
LaTeX Font Info:    ... okay on input line 118.
LaTeX Font Info:    Checking defaults for TS1/cmr/m/n on input line 118.
LaTeX Font Info:    ... okay on input line 118.
LaTeX Font Info:    Checking defaults for OMX/cmex/m/n on input line 118.
LaTeX Font Info:    ... okay on input line 118.
LaTeX Font Info:    Checking defaults for U/cmr/m/n on input line 118.
LaTeX Font Info:    ... okay on input line 118.
LaTeX Font Info:    Checking defaults for PD1/pdf/m/n on input line 118.
LaTeX Font Info:    ... okay on input line 118.
LaTeX Font Info:    Checking defaults for PU/pdf/m/n on input line 118.
LaTeX Font Info:    ... okay on input line 118.
 (/usr/local/texlive/2021/texmf-dist/tex/context/base/mkii/supp-pdf.mkii
[Loading MPS to PDF converter (version 2006.09.02).]
\scratchcounter=\count344
\scratchdimen=\dimen258
\scratchbox=\box60
\nofMPsegments=\count345
\nofMParguments=\count346
\everyMPshowfont=\toks30
\MPscratchCnt=\count347
\MPscratchDim=\dimen259
\MPnumerator=\count348
\makeMPintoPDFobject=\count349
\everyMPtoPDFconversion=\toks31
) (/usr/local/texlive/2021/texmf-dist/tex/latex/fmtcount/fc-english.def
File: fc-english.def 2016/01/12
)
LaTeX Info: Redefining \microtypecontext on input line 118.
Package microtype Info: Generating PDF output.
Package microtype Info: Character protrusion enabled (level 2).
Package microtype Info: Using default protrusion set `alltext'.
Package microtype Info: Automatic font expansion enabled (level 2),
(microtype)             stretch: 20, shrink: 20, step: 1, non-selected.
Package microtype Info: Using default expansion set `alltext-nott'.
LaTeX Info: Redefining \showhyphens on input line 118.
Package microtype Info: No adjustment of tracking.
Package microtype Info: No adjustment of interword spacing.
Package microtype Info: No adjustment of character kerning.
 (/usr/local/texlive/2021/texmf-dist/tex/latex/microtype/mt-ptm.cfg
File: mt-ptm.cfg 2006/04/20 v1.7 microtype config. file: Times (RS)
)
Package hyperref Info: Link coloring ON on input line 118.
 (/usr/local/texlive/2021/texmf-dist/tex/latex/hyperref/nameref.sty
Package: nameref 2021-04-02 v2.47 Cross-referencing by name of section
 (/usr/local/texlive/2021/texmf-dist/tex/latex/refcount/refcount.sty
Package: refcount 2019/12/15 v3.6 Data extraction from label references (HO)
) (/usr/local/texlive/2021/texmf-dist/tex/generic/gettitlestring/gettitlestring.sty
Package: gettitlestring 2019/12/15 v1.6 Cleanup title references (HO)
)
\c@section@level=\count350
)
LaTeX Info: Redefining \ref on input line 118.
LaTeX Info: Redefining \pageref on input line 118.
LaTeX Info: Redefining \nameref on input line 118.
 (/Users/williammccorkindale/ml_physics/thesis/thesis.out) (/Users/williammccorkindale/ml_physics/thesis/thesis.out)
\@outlinefile=\write4
\openout4 = `thesis.out'.


*geometry* driver: auto-detecting
*geometry* detected driver: pdftex
*geometry* verbose mode - [ preamble ] result:
* driver: pdftex
* paper: a4paper
* layout: <same size as paper>
* layoutoffset:(h,v)=(0.0pt,0.0pt)
* hratio: 1:1
* vratio: 1:1
* modes: twoside 
* h-part:(L,W,R)=(74.68848pt, 448.1309pt, 74.68849pt)
* v-part:(T,H,B)=(105.63086pt, 633.78513pt, 105.63086pt)
* \paperwidth=597.50787pt
* \paperheight=845.04684pt
* \textwidth=448.1309pt
* \textheight=633.78513pt
* \oddsidemargin=2.41849pt
* \evensidemargin=2.4185pt
* \topmargin=1.48708pt
* \headheight=14.5pt
* \headsep=19.8738pt
* \topskip=12.0pt
* \footskip=30.0pt
* \marginparwidth=88.0pt
* \marginparsep=7.0pt
* \columnsep=10.0pt
* \skip\footins=10.8pt plus 4.0pt minus 2.0pt
* \hoffset=0.0pt
* \voffset=0.0pt
* \mag=1000
* \@twocolumnfalse
* \@twosidetrue
* \@mparswitchtrue
* \@reversemarginfalse
* (1in=72.27pt=25.4mm, 1cm=28.453pt)

Package caption Info: Begin \AtBeginDocument code.
Package caption Info: End \AtBeginDocument code.
(/usr/local/texlive/2021/texmf-dist/tex/latex/siunitx/siunitx-abbreviations.cfg
File: siunitx-abbreviations.cfg 2017/11/26 v2.7k siunitx: Abbreviated units
) (/usr/local/texlive/2021/texmf-dist/tex/latex/translator/translator-basic-dictionary-English.dict
Dictionary: translator-basic-dictionary, Language: English 
)
LaTeX Font Info:    Trying to load font information for OT1+ztmcm on input line 118.
 (/usr/local/texlive/2021/texmf-dist/tex/latex/psnfss/ot1ztmcm.fd
File: ot1ztmcm.fd 2000/01/03 Fontinst v1.801 font definitions for OT1/ztmcm.
)
Package microtype Info: Loading generic protrusion settings for font family
(microtype)             `ztmcm' (encoding: OT1).
(microtype)             For optimal results, create family-specific settings.
(microtype)             See the microtype manual for details.
LaTeX Font Info:    Trying to load font information for OML+ztmcm on input line 118.
 (/usr/local/texlive/2021/texmf-dist/tex/latex/psnfss/omlztmcm.fd
File: omlztmcm.fd 2000/01/03 Fontinst v1.801 font definitions for OML/ztmcm.
)
LaTeX Font Info:    Trying to load font information for OMS+ztmcm on input line 118.
 (/usr/local/texlive/2021/texmf-dist/tex/latex/psnfss/omsztmcm.fd
File: omsztmcm.fd 2000/01/03 Fontinst v1.801 font definitions for OMS/ztmcm.
)
LaTeX Font Info:    Trying to load font information for OMX+ztmcm on input line 118.
 (/usr/local/texlive/2021/texmf-dist/tex/latex/psnfss/omxztmcm.fd
File: omxztmcm.fd 2000/01/03 Fontinst v1.801 font definitions for OMX/ztmcm.
)
LaTeX Font Info:    Trying to load font information for OT1+ptm on input line 118.
 (/usr/local/texlive/2021/texmf-dist/tex/latex/psnfss/ot1ptm.fd
File: ot1ptm.fd 2001/06/04 font definitions for OT1/ptm.
)
LaTeX Font Info:    Font shape `OT1/ptm/bx/n' in size <12> not available
(Font)              Font shape `OT1/ptm/b/n' tried instead on input line 118.
LaTeX Font Info:    Font shape `OT1/ptm/bx/n' in size <9> not available
(Font)              Font shape `OT1/ptm/b/n' tried instead on input line 118.
LaTeX Font Info:    Font shape `OT1/ptm/bx/n' in size <7> not available
(Font)              Font shape `OT1/ptm/b/n' tried instead on input line 118.
 (/usr/local/texlive/2021/texmf-dist/tex/latex/microtype/mt-msa.cfg
File: mt-msa.cfg 2006/02/04 v1.1 microtype config. file: AMS symbols (a) (RS)
) (/usr/local/texlive/2021/texmf-dist/tex/latex/microtype/mt-msb.cfg
File: mt-msb.cfg 2005/06/01 v1.0 microtype config. file: AMS symbols (b) (RS)
)
Package microtype Info: Loading generic protrusion settings for font family
(microtype)             `cmss' (encoding: OT1).
(microtype)             For optimal results, create family-specific settings.
(microtype)             See the microtype manual for details.
Package microtype Info: Loading generic protrusion settings for font family
(microtype)             `cmtt' (encoding: OT1).
(microtype)             For optimal results, create family-specific settings.
(microtype)             See the microtype manual for details.
\PHD@Title=\box61
\PHD@crest=\box62
<Figs//University_Crest.pdf, id=265, 59.22125pt x 69.25874pt>
File: Figs//University_Crest.pdf Graphic file (type pdf)
<use Figs//University_Crest.pdf>
Package pdftex.def Info: Figs//University_Crest.pdf  used on input line 122.
(pdftex.def)             Requested size: 89.6248pt x 104.81888pt.
\PHD@collegecrest=\box63
\PHD@author=\box64
\PHD@supervisor=\box65
\PHD@advisor=\box66
\PHD@dept=\box67
\PHD@submission=\box68
\PHD@collegedate=\box69
\PHD@titlepagespacing=\skip78
 [1


{/usr/local/texlive/2021/texmf-var/fonts/map/pdftex/updmap/pdftex.map} </Users/williammccorkindale/ml_physics/thesis/Figs//University_Crest.pdf>]
\openout2 = `Declaration/declaration.aux'.

 (/Users/williammccorkindale/ml_physics/thesis/Declaration/declaration.tex [2


]) [3

]
\openout2 = `Acknowledgement/acknowledgement.aux'.

 (/Users/williammccorkindale/ml_physics/thesis/Acknowledgement/acknowledgement.tex [4




]) [5

]
\openout2 = `Abstract/abstract.aux'.

 (/Users/williammccorkindale/ml_physics/thesis/Abstract/abstract.tex [6




] [7

]) [8] (/Users/williammccorkindale/ml_physics/thesis/thesis.toc [9




] [10])
\tf@toc=\write5
\openout5 = `thesis.toc'.

 [11] [12

]
\openout2 = `Chapters/Preface/preface.aux'.

 (/Users/williammccorkindale/ml_physics/thesis/Chapters/Preface/preface.tex [1


] [2]) [3]
\openout2 = `Chapters/Intro/intro.aux'.

 (/Users/williammccorkindale/ml_physics/thesis/Chapters/Intro/intro.tex [4




]
Chapter 1.
<Chapters/Intro/Figs/design-make-test.png, id=413, 710.655pt x 586.19pt>
File: Chapters/Intro/Figs/design-make-test.png Graphic file (type png)
<use Chapters/Intro/Figs/design-make-test.png>
Package pdftex.def Info: Chapters/Intro/Figs/design-make-test.png  used on input line 13.
(pdftex.def)             Requested size: 224.06544pt x 184.82077pt.

LaTeX Warning: `!h' float specifier changed to `!ht'.

[5] [6 </Users/williammccorkindale/ml_physics/thesis/Chapters/Intro/Figs/design-make-test.png>] [7] [8]) [9] [10]
\openout2 = `Chapters/Background/background.aux'.

 (/Users/williammccorkindale/ml_physics/thesis/Chapters/Background/background.tex
Chapter 2.
LaTeX Font Info:    Trying to load font information for T1+cmtt on input line 6.
(/usr/local/texlive/2021/texmf-dist/tex/latex/base/t1cmtt.fd
File: t1cmtt.fd 2019/12/16 v2.5j Standard LaTeX font definitions
)
Package microtype Info: Loading generic protrusion settings for font family
(microtype)             `cmtt' (encoding: T1).
(microtype)             For optimal results, create family-specific settings.
(microtype)             See the microtype manual for details.
<Chapters/Background/Figs/triethyl_amine.png, id=496, 109.24535pt x 66.2675pt>
File: Chapters/Background/Figs/triethyl_amine.png Graphic file (type png)
<use Chapters/Background/Figs/triethyl_amine.png>
Package pdftex.def Info: Chapters/Background/Figs/triethyl_amine.png  used on input line 21.
(pdftex.def)             Requested size: 54.2025pt x 32.87885pt.
<Chapters/Background/Figs/cyclic.png, id=497, 92.19827pt x 98.3542pt>
File: Chapters/Background/Figs/cyclic.png Graphic file (type png)
<use Chapters/Background/Figs/cyclic.png>
Package pdftex.def Info: Chapters/Background/Figs/cyclic.png  used on input line 22.
(pdftex.def)             Requested size: 50.58878pt x 53.9674pt.


LaTeX Warning: `!h' float specifier changed to `!ht'.

[11




]
<Chapters/Background/Figs/smiles.pdf, id=510, 398.40724pt x 273.22989pt>
File: Chapters/Background/Figs/smiles.pdf Graphic file (type pdf)
<use Chapters/Background/Figs/smiles.pdf>
Package pdftex.def Info: Chapters/Background/Figs/smiles.pdf  used on input line 36.
(pdftex.def)             Requested size: 336.09818pt x 230.49544pt.
 [12 </Users/williammccorkindale/ml_physics/thesis/Chapters/Background/Figs/triethyl_amine.png> </Users/williammccorkindale/ml_physics/thesis/Chapters/Background/Figs/cyclic.png> </Users/williammccorkindale/ml_physics/thesis/Chapters/Background/Figs/smiles.pdf>]
Overfull \hbox (4.08554pt too wide) in paragraph at lines 49--59
 [] 
 []

[13]
<Chapters/Background/Figs/rx_template_new.png, id=559, 849.1725pt x 206.7725pt>
File: Chapters/Background/Figs/rx_template_new.png Graphic file (type png)
<use Chapters/Background/Figs/rx_template_new.png>
Package pdftex.def Info: Chapters/Background/Figs/rx_template_new.png  used on input line 74.
(pdftex.def)             Requested size: 336.09818pt x 81.83987pt.
 [14 </Users/williammccorkindale/ml_physics/thesis/Chapters/Background/Figs/rx_template_new.png>]
<Chapters/Background/Figs/pharmacophore_models.png, id=575, 89.3739pt x 67.33154pt>
File: Chapters/Background/Figs/pharmacophore_models.png Graphic file (type png)
<use Chapters/Background/Figs/pharmacophore_models.png>
Package pdftex.def Info: Chapters/Background/Figs/pharmacophore_models.png  used on input line 85.
(pdftex.def)             Requested size: 336.09818pt x 253.28986pt.
 [15 </Users/williammccorkindale/ml_physics/thesis/Chapters/Background/Figs/pharmacophore_models.png>] [16] [17]
<Chapters/Background/Figs/docked_6a93.png, id=640, 818.05624pt x 511.9125pt>
File: Chapters/Background/Figs/docked_6a93.png Graphic file (type png)
<use Chapters/Background/Figs/docked_6a93.png>
Package pdftex.def Info: Chapters/Background/Figs/docked_6a93.png  used on input line 130.
(pdftex.def)             Requested size: 358.50609pt x 224.34392pt.
 [18 </Users/williammccorkindale/ml_physics/thesis/Chapters/Background/Figs/docked_6a93.png>] [19] [20] [21]
<Chapters/Background/Figs/roc_curve.pdf, id=725, 367.52719pt x 368.63472pt>
File: Chapters/Background/Figs/roc_curve.pdf Graphic file (type pdf)
<use Chapters/Background/Figs/roc_curve.pdf>
Package pdftex.def Info: Chapters/Background/Figs/roc_curve.pdf  used on input line 186.
(pdftex.def)             Requested size: 336.09818pt x 337.13432pt.
 [22 </Users/williammccorkindale/ml_physics/thesis/Chapters/Background/Figs/roc_curve.pdf>] [23] [24]
<Chapters/Background/Figs/transformer.pdf, id=803, 682.62106pt x 383.94081pt>
File: Chapters/Background/Figs/transformer.pdf Graphic file (type pdf)
<use Chapters/Background/Figs/transformer.pdf>
Package pdftex.def Info: Chapters/Background/Figs/transformer.pdf  used on input line 247.
(pdftex.def)             Requested size: 403.31508pt x 226.85118pt.
 [25] [26 </Users/williammccorkindale/ml_physics/thesis/Chapters/Background/Figs/transformer.pdf>] [27] [28] [29]
<Chapters/Background/Figs/mpro_fragments.png, id=924, 963.6pt x 481.8pt>
File: Chapters/Background/Figs/mpro_fragments.png Graphic file (type png)
<use Chapters/Background/Figs/mpro_fragments.png>
Package pdftex.def Info: Chapters/Background/Figs/mpro_fragments.png  used on input line 315.
(pdftex.def)             Requested size: 403.31508pt x 201.6562pt.
) [30 </Users/williammccorkindale/ml_physics/thesis/Chapters/Background/Figs/mpro_fragments.png>]
\openout2 = `Chapters/Fresco/fresco.aux'.

 (/Users/williammccorkindale/ml_physics/thesis/Chapters/Fresco/fresco.tex
Chapter 3.
[31




]
<Chapters/Fresco/Figs/fresco_vs_linking_a.pdf, id=961, 445.27907pt x 299.55132pt>
File: Chapters/Fresco/Figs/fresco_vs_linking_a.pdf Graphic file (type pdf)
<use Chapters/Fresco/Figs/fresco_vs_linking_a.pdf>
Package pdftex.def Info: Chapters/Fresco/Figs/fresco_vs_linking_a.pdf  used on input line 53.
(pdftex.def)             Requested size: 336.09818pt x 226.11642pt.
<Chapters/Fresco/Figs/fresco_details.pdf, id=962, 443.94627pt x 320.97525pt>
File: Chapters/Fresco/Figs/fresco_details.pdf Graphic file (type pdf)
<use Chapters/Fresco/Figs/fresco_details.pdf>
Package pdftex.def Info: Chapters/Fresco/Figs/fresco_details.pdf  used on input line 59.
(pdftex.def)             Requested size: 336.09818pt x 243.00336pt.
<Chapters/Fresco/Figs/pharmacophores.png, id=963, 1131.22626pt x 430.60875pt>
File: Chapters/Fresco/Figs/pharmacophores.png Graphic file (type png)
<use Chapters/Fresco/Figs/pharmacophores.png>
Package pdftex.def Info: Chapters/Fresco/Figs/pharmacophores.png  used on input line 70.
(pdftex.def)             Requested size: 358.50609pt x 136.46378pt.
 [32] [33 </Users/williammccorkindale/ml_physics/thesis/Chapters/Fresco/Figs/fresco_vs_linking_a.pdf> </Users/williammccorkindale/ml_physics/thesis/Chapters/Fresco/Figs/fresco_details.pdf>] [34 </Users/williammccorkindale/ml_physics/thesis/Chapters/Fresco/Figs/pharmacophores.png>] [35]
<Chapters/Fresco/Figs/fresco_vs_moonshot_break_5uM.pdf, id=1086, 433.62pt x 289.08pt>
File: Chapters/Fresco/Figs/fresco_vs_moonshot_break_5uM.pdf Graphic file (type pdf)
<use Chapters/Fresco/Figs/fresco_vs_moonshot_break_5uM.pdf>
Package pdftex.def Info: Chapters/Fresco/Figs/fresco_vs_moonshot_break_5uM.pdf  used on input line 117.
(pdftex.def)             Requested size: 358.50609pt x 239.01443pt.
<Chapters/Fresco/Figs/fresco_sensitivity.png, id=1087, 1736.4875pt x 568.1225pt>
File: Chapters/Fresco/Figs/fresco_sensitivity.png Graphic file (type png)
<use Chapters/Fresco/Figs/fresco_sensitivity.png>
Package pdftex.def Info: Chapters/Fresco/Figs/fresco_sensitivity.png  used on input line 123.
(pdftex.def)             Requested size: 448.1309pt x 146.6074pt.
 [36] [37 </Users/williammccorkindale/ml_physics/thesis/Chapters/Fresco/Figs/fresco_vs_moonshot_break_5uM.pdf> </Users/williammccorkindale/ml_physics/thesis/Chapters/Fresco/Figs/fresco_sensitivity.png>]
<Chapters/Fresco/Figs/flowchart_details.pdf, id=1156, 499.705pt x 568.67075pt>
File: Chapters/Fresco/Figs/flowchart_details.pdf Graphic file (type pdf)
<use Chapters/Fresco/Figs/flowchart_details.pdf>
Package pdftex.def Info: Chapters/Fresco/Figs/flowchart_details.pdf  used on input line 145.
(pdftex.def)             Requested size: 358.50609pt x 407.99353pt.


LaTeX Warning: `!h' float specifier changed to `!ht'.

[38]
<Chapters/Fresco/Figs/mpro_ligands.png, id=1169, 1177.39874pt x 795.97375pt>
File: Chapters/Fresco/Figs/mpro_ligands.png Graphic file (type png)
<use Chapters/Fresco/Figs/mpro_ligands.png>
Package pdftex.def Info: Chapters/Fresco/Figs/mpro_ligands.png  used on input line 167.
(pdftex.def)             Requested size: 336.09818pt x 227.21924pt.
<Chapters/Fresco/Figs/mpro_hit_IC50.pdf, id=1170, 441.39284pt x 411.68153pt>
File: Chapters/Fresco/Figs/mpro_hit_IC50.pdf Graphic file (type pdf)
<use Chapters/Fresco/Figs/mpro_hit_IC50.pdf>
Package pdftex.def Info: Chapters/Fresco/Figs/mpro_hit_IC50.pdf  used on input line 175.
(pdftex.def)             Requested size: 336.09818pt x 313.48427pt.


LaTeX Warning: Float too large for page by 34.91837pt on input line 181.

[39 </Users/williammccorkindale/ml_physics/thesis/Chapters/Fresco/Figs/flowchart_details.pdf>] [40 </Users/williammccorkindale/ml_physics/thesis/Chapters/Fresco/Figs/mpro_ligands.png> </Users/williammccorkindale/ml_physics/thesis/Chapters/Fresco/Figs/mpro_hit_IC50.pdf>]
<Chapters/Fresco/Figs/mac1_ligands.png, id=1276, 1177.39874pt x 795.97375pt>
File: Chapters/Fresco/Figs/mac1_ligands.png Graphic file (type png)
<use Chapters/Fresco/Figs/mac1_ligands.png>
Package pdftex.def Info: Chapters/Fresco/Figs/mac1_ligands.png  used on input line 203.
(pdftex.def)             Requested size: 358.50609pt x 242.36476pt.
<Chapters/Fresco/Figs/mac1_fig.pdf, id=1277, 316.30803pt x 357.04955pt>
File: Chapters/Fresco/Figs/mac1_fig.pdf Graphic file (type pdf)
<use Chapters/Fresco/Figs/mac1_fig.pdf>
Package pdftex.def Info: Chapters/Fresco/Figs/mac1_fig.pdf  used on input line 213.
(pdftex.def)             Requested size: 336.09818pt x 379.41867pt.
 [41 </Users/williammccorkindale/ml_physics/thesis/Chapters/Fresco/Figs/mac1_ligands.png>] [42 </Users/williammccorkindale/ml_physics/thesis/Chapters/Fresco/Figs/mac1_fig.pdf>]
<Chapters/Fresco/Figs/mac1_rounds.pdf, id=1329, 429.70085pt x 472.26958pt>
File: Chapters/Fresco/Figs/mac1_rounds.pdf Graphic file (type pdf)
<use Chapters/Fresco/Figs/mac1_rounds.pdf>
Package pdftex.def Info: Chapters/Fresco/Figs/mac1_rounds.pdf  used on input line 226.
(pdftex.def)             Requested size: 336.09818pt x 369.39928pt.
 [43]) [44 </Users/williammccorkindale/ml_physics/thesis/Chapters/Fresco/Figs/mac1_rounds.pdf>]
\openout2 = `Chapters/Ranking/ranking.aux'.

 (/Users/williammccorkindale/ml_physics/thesis/Chapters/Ranking/ranking.tex
Chapter 4.
[45




]
<Chapters/Ranking/Figs/schematic.png, id=1408, 1141.26375pt x 613.29124pt>
File: Chapters/Ranking/Figs/schematic.png Graphic file (type png)
<use Chapters/Ranking/Figs/schematic.png>
Package pdftex.def Info: Chapters/Ranking/Figs/schematic.png  used on input line 16.
(pdftex.def)             Requested size: 380.914pt x 204.68881pt.
 [46 </Users/williammccorkindale/ml_physics/thesis/Chapters/Ranking/Figs/schematic.png>]
<Chapters/Ranking/Figs/roc_curve.png, id=1421, 512.91624pt x 547.04375pt>
File: Chapters/Ranking/Figs/roc_curve.png Graphic file (type png)
<use Chapters/Ranking/Figs/roc_curve.png>
Package pdftex.def Info: Chapters/Ranking/Figs/roc_curve.png  used on input line 27.
(pdftex.def)             Requested size: 291.28235pt x 310.66626pt.
 [47 </Users/williammccorkindale/ml_physics/thesis/Chapters/Ranking/Figs/roc_curve.png>] [48]
<Chapters/Ranking/Figs/library.png, id=1440, 1101.11375pt x 541.02126pt>
File: Chapters/Ranking/Figs/library.png Graphic file (type png)
<use Chapters/Ranking/Figs/library.png>
Package pdftex.def Info: Chapters/Ranking/Figs/library.png  used on input line 93.
(pdftex.def)             Requested size: 336.09818pt x 165.13919pt.
<Chapters/Ranking/Figs/fig2.pdf, id=1442, 1228.59pt x 794.97pt>
File: Chapters/Ranking/Figs/fig2.pdf Graphic file (type pdf)
<use Chapters/Ranking/Figs/fig2.pdf>
Package pdftex.def Info: Chapters/Ranking/Figs/fig2.pdf  used on input line 104.
(pdftex.def)             Requested size: 336.09818pt x 217.47112pt.
 [49 </Users/williammccorkindale/ml_physics/thesis/Chapters/Ranking/Figs/library.png>]
<Chapters/Ranking/Figs/rxn_schemes_1_to_3.pdf, id=1457, 817.18979pt x 1107.42578pt>
File: Chapters/Ranking/Figs/rxn_schemes_1_to_3.pdf Graphic file (type pdf)
<use Chapters/Ranking/Figs/rxn_schemes_1_to_3.pdf>
Package pdftex.def Info: Chapters/Ranking/Figs/rxn_schemes_1_to_3.pdf  used on input line 113.
(pdftex.def)             Requested size: 291.28235pt x 394.71886pt.
<Chapters/Ranking/Figs/data_curve.pdf, id=1461, 729.72626pt x 293.095pt>
File: Chapters/Ranking/Figs/data_curve.pdf Graphic file (type pdf)
<use Chapters/Ranking/Figs/data_curve.pdf>
Package pdftex.def Info: Chapters/Ranking/Figs/data_curve.pdf  used on input line 122.
(pdftex.def)             Requested size: 380.914pt x 152.99165pt.
 [50 </Users/williammccorkindale/ml_physics/thesis/Chapters/Ranking/Figs/fig2.pdf>] [51 </Users/williammccorkindale/ml_physics/thesis/Chapters/Ranking/Figs/rxn_schemes_1_to_3.pdf>] [52 </Users/williammccorkindale/ml_physics/thesis/Chapters/Ranking/Figs/data_curve.pdf>]) [53]
\openout2 = `Chapters/Transformer/transformer.aux'.

 (/Users/williammccorkindale/ml_physics/thesis/Chapters/Transformer/transformer.tex [54




]
Chapter 5.
[55] [56]
<Chapters/Transformer/Figs/mol_transformer.png, id=1594, 1192.455pt x 290.08376pt>
File: Chapters/Transformer/Figs/mol_transformer.png Graphic file (type png)
<use Chapters/Transformer/Figs/mol_transformer.png>
Package pdftex.def Info: Chapters/Transformer/Figs/mol_transformer.png  used on input line 30.
(pdftex.def)             Requested size: 358.50609pt x 87.2117pt.
 [57 </Users/williammccorkindale/ml_physics/thesis/Chapters/Transformer/Figs/mol_transformer.png>]
<Chapters/Transformer/Figs/workflow.pdf, id=1612, 626.80904pt x 466.41406pt>
File: Chapters/Transformer/Figs/workflow.pdf Graphic file (type pdf)
<use Chapters/Transformer/Figs/workflow.pdf>
Package pdftex.def Info: Chapters/Transformer/Figs/workflow.pdf  used on input line 56.
(pdftex.def)             Requested size: 358.50609pt x 266.77686pt.
 [58] [59 </Users/williammccorkindale/ml_physics/thesis/Chapters/Transformer/Figs/workflow.pdf>] [60] [61] [62]
<Chapters/Transformer/Figs/epoxidation.pdf, id=1728, 445.90399pt x 459.18379pt>
File: Chapters/Transformer/Figs/epoxidation.pdf Graphic file (type pdf)
<use Chapters/Transformer/Figs/epoxidation.pdf>
Package pdftex.def Info: Chapters/Transformer/Figs/epoxidation.pdf  used on input line 119.
(pdftex.def)             Requested size: 268.88127pt x 276.89969pt.
 [63] [64 </Users/williammccorkindale/ml_physics/thesis/Chapters/Transformer/Figs/epoxidation.pdf>]
<Chapters/Transformer/Figs/diels_alder.pdf, id=1792, 456.04297pt x 572.224pt>
File: Chapters/Transformer/Figs/diels_alder.pdf Graphic file (type pdf)
<use Chapters/Transformer/Figs/diels_alder.pdf>
Package pdftex.def Info: Chapters/Transformer/Figs/diels_alder.pdf  used on input line 137.
(pdftex.def)             Requested size: 268.88127pt x 337.38222pt.
 [65 </Users/williammccorkindale/ml_physics/thesis/Chapters/Transformer/Figs/diels_alder.pdf>]
<Chapters/Transformer/Figs/sear.pdf, id=1845, 443.26955pt x 519.08676pt>
File: Chapters/Transformer/Figs/sear.pdf Graphic file (type pdf)
<use Chapters/Transformer/Figs/sear.pdf>
Package pdftex.def Info: Chapters/Transformer/Figs/sear.pdf  used on input line 153.
(pdftex.def)             Requested size: 268.88127pt x 314.87616pt.
 [66] [67 </Users/williammccorkindale/ml_physics/thesis/Chapters/Transformer/Figs/sear.pdf>]
<Chapters/Transformer/Figs/venn.pdf, id=1911, 488.6309pt x 457.57526pt>
File: Chapters/Transformer/Figs/venn.pdf Graphic file (type pdf)
<use Chapters/Transformer/Figs/venn.pdf>
Package pdftex.def Info: Chapters/Transformer/Figs/venn.pdf  used on input line 166.
(pdftex.def)             Requested size: 224.06544pt x 209.82388pt.
 [68 </Users/williammccorkindale/ml_physics/thesis/Chapters/Transformer/Figs/venn.pdf>] [69]
<Chapters/Transformer/Figs/synth_conv.png, id=1935, 1084.05pt x 650.43pt>
File: Chapters/Transformer/Figs/synth_conv.png Graphic file (type png)
<use Chapters/Transformer/Figs/synth_conv.png>
Package pdftex.def Info: Chapters/Transformer/Figs/synth_conv.png  used on input line 207.
(pdftex.def)             Requested size: 358.50609pt x 215.09909pt.
 [70 </Users/williammccorkindale/ml_physics/thesis/Chapters/Transformer/Figs/synth_conv.png>]
<Chapters/Transformer/Figs/siblings_alt.pdf, id=1946, 725.00279pt x 423.96194pt>
File: Chapters/Transformer/Figs/siblings_alt.pdf Graphic file (type pdf)
<use Chapters/Transformer/Figs/siblings_alt.pdf>
Package pdftex.def Info: Chapters/Transformer/Figs/siblings_alt.pdf  used on input line 225.
(pdftex.def)             Requested size: 448.1309pt x 262.05151pt.
 [71] [72 </Users/williammccorkindale/ml_physics/thesis/Chapters/Transformer/Figs/siblings_alt.pdf>]
<Chapters/Transformer/Figs/rxn_distribution.pdf, id=2010, 644.98615pt x 448.6769pt>
File: Chapters/Transformer/Figs/rxn_distribution.pdf Graphic file (type pdf)
<use Chapters/Transformer/Figs/rxn_distribution.pdf>
Package pdftex.def Info: Chapters/Transformer/Figs/rxn_distribution.pdf  used on input line 243.
(pdftex.def)             Requested size: 448.1309pt x 311.74396pt.
 [73 </Users/williammccorkindale/ml_physics/thesis/Chapters/Transformer/Figs/rxn_distribution.pdf>]

LaTeX Warning: `!h' float specifier changed to `!ht'.

[74] [75]) [76]
\openout2 = `Chapters/Crude/test.aux'.

 (/Users/williammccorkindale/ml_physics/thesis/Chapters/Crude/test.tex
Chapter 6.
[77




]
<Chapters/Crude/Figs/schematic.pdf, id=2065, 764.87453pt x 396.66884pt>
File: Chapters/Crude/Figs/schematic.pdf Graphic file (type pdf)
<use Chapters/Crude/Figs/schematic.pdf>
Package pdftex.def Info: Chapters/Crude/Figs/schematic.pdf  used on input line 20.
(pdftex.def)             Requested size: 448.1309pt x 232.41046pt.
<Chapters/Crude/Figs/yield_vs_activity.pdf, id=2066, 752.8125pt x 602.25pt>
File: Chapters/Crude/Figs/yield_vs_activity.pdf Graphic file (type pdf)
<use Chapters/Crude/Figs/yield_vs_activity.pdf>
Package pdftex.def Info: Chapters/Crude/Figs/yield_vs_activity.pdf  used on input line 29.
(pdftex.def)             Requested size: 380.914pt x 304.73576pt.


Package fancyhdr Warning: \headheight is too small (14.5pt): 
(fancyhdr)                Make it at least 26.98592pt, for example:
(fancyhdr)                \setlength{\headheight}{26.98592pt}.
(fancyhdr)                You might also make \topmargin smaller to compensate:
(fancyhdr)                \addtolength{\topmargin}{-12.48592pt}.

[78 </Users/williammccorkindale/ml_physics/thesis/Chapters/Crude/Figs/schematic.pdf>] [79 </Users/williammccorkindale/ml_physics/thesis/Chapters/Crude/Figs/yield_vs_activity.pdf>]
<Chapters/Crude/Figs/rf_loo_flat.pdf, id=2129, 845.1575pt x 597.23125pt>
File: Chapters/Crude/Figs/rf_loo_flat.pdf Graphic file (type pdf)
<use Chapters/Crude/Figs/rf_loo_flat.pdf>
Package pdftex.def Info: Chapters/Crude/Figs/rf_loo_flat.pdf  used on input line 44.
(pdftex.def)             Requested size: 380.914pt x 269.17989pt.


Package fancyhdr Warning: \headheight is too small (14.5pt): 
(fancyhdr)                Make it at least 26.98592pt, for example:
(fancyhdr)                \setlength{\headheight}{26.98592pt}.
(fancyhdr)                You might also make \topmargin smaller to compensate:
(fancyhdr)                \addtolength{\topmargin}{-12.48592pt}.

[80 </Users/williammccorkindale/ml_physics/thesis/Chapters/Crude/Figs/rf_loo_flat.pdf>]
<Chapters/Crude/Figs/false_negative.pdf, id=2166, 420.90599pt x 194.55786pt>
File: Chapters/Crude/Figs/false_negative.pdf Graphic file (type pdf)
<use Chapters/Crude/Figs/false_negative.pdf>
Package pdftex.def Info: Chapters/Crude/Figs/false_negative.pdf  used on input line 57.
(pdftex.def)             Requested size: 448.1309pt x 207.15657pt.
 [81 </Users/williammccorkindale/ml_physics/thesis/Chapters/Crude/Figs/false_negative.pdf>]

LaTeX Warning: No positions in optional float specifier.
               Default added (so using `!tbp') on input line 72.

<Chapters/Crude/Figs/strip_plot.pdf, id=2206, 752.8125pt x 376.52669pt>
File: Chapters/Crude/Figs/strip_plot.pdf Graphic file (type pdf)
<use Chapters/Crude/Figs/strip_plot.pdf>
Package pdftex.def Info: Chapters/Crude/Figs/strip_plot.pdf  used on input line 74.
(pdftex.def)             Requested size: 448.1309pt x 224.14244pt.
<Chapters/Crude/Figs/ml_vs_crude.pdf, id=2207, 822.93991pt x 336.70734pt>
File: Chapters/Crude/Figs/ml_vs_crude.pdf Graphic file (type pdf)
<use Chapters/Crude/Figs/ml_vs_crude.pdf>
Package pdftex.def Info: Chapters/Crude/Figs/ml_vs_crude.pdf  used on input line 81.
(pdftex.def)             Requested size: 448.1309pt x 183.35028pt.

Package fancyhdr Warning: \headheight is too small (14.5pt): 
(fancyhdr)                Make it at least 26.98592pt, for example:
(fancyhdr)                \setlength{\headheight}{26.98592pt}.
(fancyhdr)                You might also make \topmargin smaller to compensate:
(fancyhdr)                \addtolength{\topmargin}{-12.48592pt}.

[82 </Users/williammccorkindale/ml_physics/thesis/Chapters/Crude/Figs/strip_plot.pdf>] [83 </Users/williammccorkindale/ml_physics/thesis/Chapters/Crude/Figs/ml_vs_crude.pdf>])

Package fancyhdr Warning: \headheight is too small (14.5pt): 
(fancyhdr)                Make it at least 26.98592pt, for example:
(fancyhdr)                \setlength{\headheight}{26.98592pt}.
(fancyhdr)                You might also make \topmargin smaller to compensate:
(fancyhdr)                \addtolength{\topmargin}{-12.48592pt}.

[84]
\openout2 = `Chapters/Outlook/outlook.aux'.

 (/Users/williammccorkindale/ml_physics/thesis/Chapters/Outlook/outlook.tex
Chapter 7.
[85




] [86] [87] [88] [89]) [90] (/Users/williammccorkindale/ml_physics/thesis/thesis.bbl [91




] [92] [93]
Overfull \hbox (1.17387pt too wide) in paragraph at lines 273--279
\T1/ptm/m/n/12 (-20) topoisomerase i inhibitors.  \T1/ptm/m/it/12 (-20) Computational and Structural Biotechnology Journal\T1/ptm/m/n/12 (-20) , 17:291--
 []

[94] [95] [96] [97] [98] [99] [100] [101] [102]
Underfull \hbox (badness 10000) in paragraph at lines 1038--1042
\T1/ptm/m/n/12 (+20) / / www . diamond . ac . uk / covid-[]19 / for-[]scientists / Main-[]protease-[]structure-[]and-[]XChem .
 []

[103] [104] [105]
Underfull \hbox (badness 1297) in paragraph at lines 1224--1229
[]\T1/ptm/m/n/12 (+20) The COVID Moon-shot Con-sor-tium.  Covid moon-shot: open sci-ence dis-cov-
 []


Underfull \hbox (badness 1052) in paragraph at lines 1224--1229
\T1/ptm/m/n/12 (+20) ery of sars-cov-2 main pro-tease in-hibitors by com-bin-ing crowd-sourc-ing, high-
 []

[106] [107] [108] [109] [110] [111] [112] [113] [114] [115]) [116]
\openout2 = `Appendix/Appendix1/appendix1.aux'.

 (/Users/williammccorkindale/ml_physics/thesis/Appendix/Appendix1/appendix1.tex
Appendix A.
[117


]) [118] [119]
\openout2 = `Appendix/Appendix2/appendix2.aux'.

 (/Users/williammccorkindale/ml_physics/thesis/Appendix/Appendix2/appendix2.tex [120




]
Appendix B.
[121]
<Chapters/Ranking/Figs/rxn_schemes_full.pdf, id=2620, 867.80914pt x 1877.88171pt>
File: Chapters/Ranking/Figs/rxn_schemes_full.pdf Graphic file (type pdf)
<use Chapters/Ranking/Figs/rxn_schemes_full.pdf>
Package pdftex.def Info: Chapters/Ranking/Figs/rxn_schemes_full.pdf  used on input line 19.
(pdftex.def)             Requested size: 268.88127pt x 581.85078pt.
 [122] [123 </Users/williammccorkindale/ml_physics/thesis/Chapters/Ranking/Figs/rxn_schemes_full.pdf>]) [124] (/Users/williammccorkindale/ml_physics/thesis/thesis.aux (/Users/williammccorkindale/ml_physics/thesis/Declaration/declaration.aux) (/Users/williammccorkindale/ml_physics/thesis/Acknowledgement/acknowledgement.aux) (/Users/williammccorkindale/ml_physics/thesis/Abstract/abstract.aux) (/Users/williammccorkindale/ml_physics/thesis/Chapters/Preface/preface.aux) (/Users/williammccorkindale/ml_physics/thesis/Chapters/Intro/intro.aux) (/Users/williammccorkindale/ml_physics/thesis/Chapters/Background/background.aux) (/Users/williammccorkindale/ml_physics/thesis/Chapters/Fresco/fresco.aux) (/Users/williammccorkindale/ml_physics/thesis/Chapters/Ranking/ranking.aux) (/Users/williammccorkindale/ml_physics/thesis/Chapters/Transformer/transformer.aux) (/Users/williammccorkindale/ml_physics/thesis/Chapters/Crude/test.aux) (/Users/williammccorkindale/ml_physics/thesis/Chapters/Outlook/outlook.aux) (/Users/williammccorkindale/ml_physics/thesis/Appendix/Appendix1/appendix1.aux) (/Users/williammccorkindale/ml_physics/thesis/Appendix/Appendix2/appendix2.aux))
Package rerunfilecheck Info: File `thesis.out' has not changed.
(rerunfilecheck)             Checksum: 3D154D541550B2A56C08F678DBBCD739;14347.
 ) 
Here is how much of TeX's memory you used:
 20796 strings out of 478994
 374879 string characters out of 5858184
 728738 words of memory out of 5000000
 36757 multiletter control sequences out of 15000+600000
 477716 words of font info for 379 fonts, out of 8000000 for 9000
 1141 hyphenation exceptions out of 8191
 128i,12n,130p,1860b,1999s stack positions out of 5000i,500n,10000p,200000b,80000s
{/usr/local/texlive/2021/texmf-dist/fonts/enc/dvips/cm-super/cm-super-t1.enc}{/usr/local/texlive/2021/texmf-dist/fonts/enc/dvips/base/8r.enc}</usr/local/texlive/2021/texmf-dist/fonts/type1/public/stix/STIXGeneral-Italic.pfb></usr/local/texlive/2021/texmf-dist/fonts/type1/public/stix/STIXGeneral-Regular.pfb></usr/local/texlive/2021/texmf-dist/fonts/type1/public/amsfonts/cm/cmex10.pfb></usr/local/texlive/2021/texmf-dist/fonts/type1/public/amsfonts/cm/cmmi10.pfb></usr/local/texlive/2021/texmf-dist/fonts/type1/public/amsfonts/cm/cmr10.pfb></usr/local/texlive/2021/texmf-dist/fonts/type1/public/amsfonts/cm/cmsy10.pfb></usr/local/texlive/2021/texmf-dist/fonts/type1/public/amsfonts/symbols/msam10.pfb></usr/local/texlive/2021/texmf-dist/fonts/type1/public/amsfonts/symbols/msbm10.pfb></usr/local/texlive/2021/texmf-dist/fonts/type1/public/rsfs/rsfs10.pfb></usr/local/texlive/2021/texmf-dist/fonts/type1/public/cm-super/sftt1200.pfb></usr/local/texlive/2021/texmf-dist/fonts/type1/urw/symbol/usyr.pfb></usr/local/texlive/2021/texmf-dist/fonts/type1/urw/symbol/usyr.pfb></usr/local/texlive/2021/texmf-dist/fonts/type1/urw/times/utmb8a.pfb></usr/local/texlive/2021/texmf-dist/fonts/type1/urw/times/utmr8a.pfb></usr/local/texlive/2021/texmf-dist/fonts/type1/urw/times/utmri8a.pfb>
Output written on /Users/williammccorkindale/ml_physics/thesis/thesis.pdf (136 pages, 19169856 bytes).
PDF statistics:
 2841 PDF objects out of 2984 (max. 8388607)
 2230 compressed objects within 23 object streams
 548 named destinations out of 1000 (max. 500000)
 70885 words of extra memory for PDF output out of 74296 (max. 10000000)

